#
# There is insufficient memory for the Java Runtime Environment to continue.
# Native memory allocation (malloc) failed to allocate 529776 bytes for Chunk::new
# Possible reasons:
#   The system is out of physical RAM or swap space
#   The process is running with CompressedOops enabled, and the Java Heap may be blocking the growth of the native heap
# Possible solutions:
#   Reduce memory load on the system
#   Increase physical memory or swap space
#   Check if swap backing store is full
#   Decrease Java heap size (-Xmx/-Xms)
#   Decrease number of Java threads
#   Decrease Java thread stack sizes (-Xss)
#   Set larger code cache with -XX:ReservedCodeCacheSize=
#   JVM is running with Zero Based Compressed Oops mode in which the Java heap is
#     placed in the first 32GB address space. The Java Heap base address is the
#     maximum limit for the native heap growth. Please use -XX:HeapBaseMinAddress
#     to set the Java Heap base and to place the Java Heap above 32GB virtual address.
# This output file may be truncated or incomplete.
#
#  Out of Memory Error (t:/workspace/open/src/hotspot/share/memory/arena.cpp:197), pid=17752, tid=20796
#
# JRE version: OpenJDK Runtime Environment (11.0+28) (build 11+28)
# Java VM: OpenJDK 64-Bit Server VM (11+28, mixed mode, tiered, compressed oops, g1 gc, windows-amd64)
# No core dump will be written. Minidumps are not enabled by default on client versions of Windows
#

---------------  S U M M A R Y ------------

Command Line: -Dcom.sun.management.jmxremote -Dcom.sun.management.jmxremote.port=64857 -Dcom.sun.management.jmxremote.authenticate=false -Dcom.sun.management.jmxremote.ssl=false -Djava.rmi.server.hostname=localhost -Dspring.application.admin.enabled=true -Dspring.jmx.enabled=true -Dspring.boot.project.name=usuario -Dfile.encoding=UTF-8 com.microservicio.usuario.UsuarioApplication

Host: Intel(R) Core(TM) i5-7400 CPU @ 3.00GHz, 4 cores, 19G,  Windows 10 , 64 bit Build 19041 (10.0.19041.1889)
Time: Mon Oct  3 19:31:56 2022 Hora est. Pacífico, Sudamérica elapsed time: 23591 seconds (0d 6h 33m 11s)

---------------  T H R E A D  ---------------

Current thread (0x000001dfcd2ad800):  JavaThread "C2 CompilerThread0" daemon [_thread_in_native, id=20796, stack(0x00000066a1500000,0x00000066a1600000)]


Current CompileTask:
C2:23591211 12984   !   4       java.io.PrintStream::write (69 bytes)

Stack: [0x00000066a1500000,0x00000066a1600000]
Native frames: (J=compiled Java code, j=interpreted, Vv=VM code, C=native code)
V  [jvm.dll+0x63adaa]
V  [jvm.dll+0x77852f]
V  [jvm.dll+0x779b18]
V  [jvm.dll+0x77a1d3]
V  [jvm.dll+0x2624c8]
V  [jvm.dll+0xc5b61]
V  [jvm.dll+0xc60fc]
V  [jvm.dll+0x36e6d7]
V  [jvm.dll+0x33b433]
V  [jvm.dll+0x33a80a]
V  [jvm.dll+0x21c365]
V  [jvm.dll+0x21b50a]
V  [jvm.dll+0x198400]
V  [jvm.dll+0x22a4ff]
V  [jvm.dll+0x228b18]
V  [jvm.dll+0x73dc3d]
V  [jvm.dll+0x639e42]
C  [ucrtbase.dll+0x21bb2]
C  [KERNEL32.DLL+0x17034]
C  [ntdll.dll+0x526a1]


---------------  P R O C E S S  ---------------

Threads class SMR info:
_java_thread_list=0x000001dfd35c7c20, length=45, elements={
0x000001dfcd240800, 0x000001dfcd24a000, 0x000001dfcd2a9800, 0x000001dfcd2aa800,
0x000001dfcd2ad800, 0x000001dfcd2b6000, 0x000001dfcd259800, 0x000001dfcd1e0800,
0x000001dfcd69c000, 0x000001dfcdbe8800, 0x000001dfce02b800, 0x000001dfce053800,
0x000001dfce3dd800, 0x000001dfcea17800, 0x000001dfd4895000, 0x000001dfd4898000,
0x000001dfd4893800, 0x000001dfd4894000, 0x000001dfd4897800, 0x000001dfd489b800,
0x000001dfd489a000, 0x000001dfd489a800, 0x000001dfd4895800, 0x000001dfd489c000,
0x000001dfd489e800, 0x000001dfd489d000, 0x000001dfd48a2000, 0x000001dfd489f800,
0x000001dfd489e000, 0x000001dfd48a0800, 0x000001dfd48a1000, 0x000001dfd3908000,
0x000001dfd3903000, 0x000001dfd3909000, 0x000001dfd3904800, 0x000001dfd3907000,
0x000001dfd3905800, 0x000001dfd3909800, 0x000001dfd3904000, 0x000001dfd390a800,
0x000001dfd390c000, 0x000001dfd390b000, 0x000001dfd3911000, 0x000001dfd3906800,
0x000001dfd390d000
}

Java Threads: ( => current thread )
  0x000001dfcd240800 JavaThread "Reference Handler" daemon [_thread_blocked, id=10976, stack(0x00000066a1100000,0x00000066a1200000)]
  0x000001dfcd24a000 JavaThread "Finalizer" daemon [_thread_blocked, id=21080, stack(0x00000066a1200000,0x00000066a1300000)]
  0x000001dfcd2a9800 JavaThread "Signal Dispatcher" daemon [_thread_blocked, id=20700, stack(0x00000066a1300000,0x00000066a1400000)]
  0x000001dfcd2aa800 JavaThread "Attach Listener" daemon [_thread_blocked, id=20828, stack(0x00000066a1400000,0x00000066a1500000)]
=>0x000001dfcd2ad800 JavaThread "C2 CompilerThread0" daemon [_thread_in_native, id=20796, stack(0x00000066a1500000,0x00000066a1600000)]
  0x000001dfcd2b6000 JavaThread "C1 CompilerThread0" daemon [_thread_blocked, id=16112, stack(0x00000066a1600000,0x00000066a1700000)]
  0x000001dfcd259800 JavaThread "Sweeper thread" daemon [_thread_blocked, id=21072, stack(0x00000066a1700000,0x00000066a1800000)]
  0x000001dfcd1e0800 JavaThread "Common-Cleaner" daemon [_thread_blocked, id=21004, stack(0x00000066a1800000,0x00000066a1900000)]
  0x000001dfcd69c000 JavaThread "Service Thread" daemon [_thread_blocked, id=10356, stack(0x00000066a1900000,0x00000066a1a00000)]
  0x000001dfcdbe8800 JavaThread "RMI TCP Accept-0" daemon [_thread_in_native, id=21060, stack(0x00000066a1e00000,0x00000066a1f00000)]
  0x000001dfce02b800 JavaThread "RMI TCP Accept-64857" daemon [_thread_in_native, id=20508, stack(0x00000066a1f00000,0x00000066a2000000)]
  0x000001dfce053800 JavaThread "RMI TCP Accept-0" daemon [_thread_in_native, id=11420, stack(0x00000066a2000000,0x00000066a2100000)]
  0x000001dfce3dd800 JavaThread "RMI Scheduler(0)" daemon [_thread_blocked, id=13416, stack(0x00000066a2400000,0x00000066a2500000)]
  0x000001dfcea17800 JavaThread "Catalina-utility-1" [_thread_blocked, id=17296, stack(0x00000066a2a00000,0x00000066a2b00000)]
  0x000001dfd4895000 JavaThread "Catalina-utility-2" [_thread_blocked, id=15164, stack(0x00000066a2c00000,0x00000066a2d00000)]
  0x000001dfd4898000 JavaThread "container-0" [_thread_blocked, id=13036, stack(0x00000066a2d00000,0x00000066a2e00000)]
  0x000001dfd4893800 JavaThread "HikariPool-1 housekeeper" daemon [_thread_blocked, id=10908, stack(0x00000066a2f00000,0x00000066a3000000)]
  0x000001dfd4894000 JavaThread "spring.cloud.inetutils" daemon [_thread_blocked, id=13356, stack(0x00000066a3000000,0x00000066a3100000)]
  0x000001dfd4897800 JavaThread "File Watcher" daemon [_thread_blocked, id=20860, stack(0x00000066a3100000,0x00000066a3200000)]
  0x000001dfd489b800 JavaThread "Apache-HttpClient-Conn-Cleaner2" daemon [_thread_blocked, id=11916, stack(0x00000066a3400000,0x00000066a3500000)]
  0x000001dfd489a000 JavaThread "AsyncResolver-bootstrap-0" daemon [_thread_blocked, id=11600, stack(0x00000066a2800000,0x00000066a2900000)]
  0x000001dfd489a800 JavaThread "DiscoveryClient-0" daemon [_thread_blocked, id=20964, stack(0x00000066a3500000,0x00000066a3600000)]
  0x000001dfd4895800 JavaThread "DiscoveryClient-1" daemon [_thread_blocked, id=4600, stack(0x00000066a3600000,0x00000066a3700000)]
  0x000001dfd489c000 JavaThread "DiscoveryClient-InstanceInfoReplicator-0" daemon [_thread_blocked, id=21020, stack(0x00000066a3700000,0x00000066a3800000)]
  0x000001dfd489e800 JavaThread "http-nio-54-BlockPoller" daemon [_thread_in_native, id=14276, stack(0x00000066a3800000,0x00000066a3900000)]
  0x000001dfd489d000 JavaThread "http-nio-54-exec-1" daemon [_thread_blocked, id=3592, stack(0x00000066a3900000,0x00000066a3a00000)]
  0x000001dfd48a2000 JavaThread "http-nio-54-exec-2" daemon [_thread_blocked, id=3244, stack(0x00000066a3a00000,0x00000066a3b00000)]
  0x000001dfd489f800 JavaThread "http-nio-54-exec-3" daemon [_thread_blocked, id=15916, stack(0x00000066a3b00000,0x00000066a3c00000)]
  0x000001dfd489e000 JavaThread "http-nio-54-exec-4" daemon [_thread_blocked, id=20716, stack(0x00000066a3c00000,0x00000066a3d00000)]
  0x000001dfd48a0800 JavaThread "http-nio-54-exec-5" daemon [_thread_blocked, id=9284, stack(0x00000066a3d00000,0x00000066a3e00000)]
  0x000001dfd48a1000 JavaThread "http-nio-54-exec-6" daemon [_thread_blocked, id=3340, stack(0x00000066a3e00000,0x00000066a3f00000)]
  0x000001dfd3908000 JavaThread "http-nio-54-exec-7" daemon [_thread_blocked, id=16424, stack(0x00000066a3f00000,0x00000066a4000000)]
  0x000001dfd3903000 JavaThread "http-nio-54-exec-8" daemon [_thread_blocked, id=20232, stack(0x00000066a4000000,0x00000066a4100000)]
  0x000001dfd3909000 JavaThread "http-nio-54-exec-9" daemon [_thread_blocked, id=20624, stack(0x00000066a4100000,0x00000066a4200000)]
  0x000001dfd3904800 JavaThread "http-nio-54-exec-10" daemon [_thread_blocked, id=16036, stack(0x00000066a4200000,0x00000066a4300000)]
  0x000001dfd3907000 JavaThread "http-nio-54-ClientPoller" daemon [_thread_in_native, id=20680, stack(0x00000066a4300000,0x00000066a4400000)]
  0x000001dfd3905800 JavaThread "http-nio-54-Acceptor" daemon [_thread_in_native, id=20992, stack(0x00000066a4400000,0x00000066a4500000)]
  0x000001dfd3909800 JavaThread "DestroyJavaVM" [_thread_blocked, id=21000, stack(0x00000066a0a00000,0x00000066a0b00000)]
  0x000001dfd3904000 JavaThread "DiscoveryClient-HeartbeatExecutor-0" daemon [_thread_blocked, id=9396, stack(0x00000066a0700000,0x00000066a0800000)]
  0x000001dfd390a800 JavaThread "DiscoveryClient-CacheRefreshExecutor-0" daemon [_thread_blocked, id=20704, stack(0x00000066a0800000,0x00000066a0900000)]
  0x000001dfd390c000 JavaThread "AsyncResolver-bootstrap-executor-0" daemon [_thread_blocked, id=1576, stack(0x00000066a2600000,0x00000066a2700000)]
  0x000001dfd390b000 JavaThread "Keep-Alive-Timer" daemon [_thread_blocked, id=15724, stack(0x00000066a0900000,0x00000066a0a00000)]
  0x000001dfd3911000 JavaThread "HikariPool-1 connection adder" daemon [_thread_blocked, id=18680, stack(0x00000066a2300000,0x00000066a2400000)]
  0x000001dfd3906800 JavaThread "pool-1-thread-17" [_thread_blocked, id=8996, stack(0x00000066a2200000,0x00000066a2300000)]
  0x000001dfd390d000 JavaThread "pool-1-thread-18" [_thread_blocked, id=4516, stack(0x00000066a2700000,0x00000066a2800000)]

Other Threads:
  0x000001dfcd23e800 VMThread "VM Thread" [stack: 0x00000066a1000000,0x00000066a1100000] [id=18880]
  0x000001dfce054000 WatcherThread [stack: 0x00000066a2100000,0x00000066a2200000] [id=15184]
  0x000001dfa7391000 GCTaskThread "GC Thread#0" [stack: 0x00000066a0b00000,0x00000066a0c00000] [id=19356]
  0x000001dfce011000 GCTaskThread "GC Thread#1" [stack: 0x00000066a1a00000,0x00000066a1b00000] [id=21048]
  0x000001dfce059000 GCTaskThread "GC Thread#2" [stack: 0x00000066a1b00000,0x00000066a1c00000] [id=9032]
  0x000001dfce049000 GCTaskThread "GC Thread#3" [stack: 0x00000066a1c00000,0x00000066a1d00000] [id=4020]
  0x000001dfa7402000 ConcurrentGCThread "G1 Main Marker" [stack: 0x00000066a0c00000,0x00000066a0d00000] [id=19548]
  0x000001dfa7404000 ConcurrentGCThread "G1 Conc#0" [stack: 0x00000066a0d00000,0x00000066a0e00000] [id=17476]
  0x000001dfcc87d000 ConcurrentGCThread "G1 Refine#0" [stack: 0x00000066a0e00000,0x00000066a0f00000] [id=20200]
  0x000001dfce02b000 ConcurrentGCThread "G1 Refine#1" [stack: 0x00000066a1d00000,0x00000066a1e00000] [id=8404]
  0x000001dfcc87e000 ConcurrentGCThread "G1 Young RemSet Sampling" [stack: 0x00000066a0f00000,0x00000066a1000000] [id=20876]

Threads with active compile tasks:
C2 CompilerThread012984   !   4       java.io.PrintStream::write (69 bytes)

VM state:not at safepoint (normal execution)

VM Mutex/Monitor currently owned by a thread: None

Heap address: 0x00000006c0a00000, size: 5110 MB, Compressed Oops mode: Zero based, Oop shift amount: 3
Narrow klass base: 0x0000000800000000, Narrow klass shift: 0
Compressed class space size: 1073741824 Address: 0x0000000800000000

Heap:
 garbage-first heap   total 327680K, used 64106K [0x00000006c0a00000, 0x0000000800000000)
  region size 1024K, 25 young (25600K), 9 survivors (9216K)
 Metaspace       used 94497K, capacity 96977K, committed 97100K, reserved 1134592K
  class space    used 11818K, capacity 12800K, committed 12876K, reserved 1048576K
Heap Regions: E=young(eden), S=young(survivor), O=old, HS=humongous(starts), HC=humongous(continues), CS=collection set, F=free, A=archive, TAMS=top-at-mark-start (previous, next)
|   0|0x00000006c0a00000, 0x00000006c0b00000, 0x00000006c0b00000|100%|HS|  |TAMS 0x00000006c0b00000, 0x00000006c0a00000| Complete 
|   1|0x00000006c0b00000, 0x00000006c0c00000, 0x00000006c0c00000|100%|HS|  |TAMS 0x00000006c0c00000, 0x00000006c0b00000| Complete 
|   2|0x00000006c0c00000, 0x00000006c0d00000, 0x00000006c0d00000|100%| O|  |TAMS 0x00000006c0d00000, 0x00000006c0c00000| Untracked 
|   3|0x00000006c0d00000, 0x00000006c0e00000, 0x00000006c0e00000|100%| O|  |TAMS 0x00000006c0e00000, 0x00000006c0d00000| Untracked 
|   4|0x00000006c0e00000, 0x00000006c0f00000, 0x00000006c0f00000|100%| O|  |TAMS 0x00000006c0f00000, 0x00000006c0e00000| Untracked 
|   5|0x00000006c0f00000, 0x00000006c1000000, 0x00000006c1000000|100%| O|  |TAMS 0x00000006c1000000, 0x00000006c0f00000| Untracked 
|   6|0x00000006c1000000, 0x00000006c1100000, 0x00000006c1100000|100%| O|  |TAMS 0x00000006c1100000, 0x00000006c1000000| Untracked 
|   7|0x00000006c1100000, 0x00000006c1200000, 0x00000006c1200000|100%| O|  |TAMS 0x00000006c1200000, 0x00000006c1100000| Untracked 
|   8|0x00000006c1200000, 0x00000006c1300000, 0x00000006c1300000|100%| O|  |TAMS 0x00000006c1300000, 0x00000006c1200000| Untracked 
|   9|0x00000006c1300000, 0x00000006c1400000, 0x00000006c1400000|100%| O|  |TAMS 0x00000006c1400000, 0x00000006c1300000| Untracked 
|  10|0x00000006c1400000, 0x00000006c1500000, 0x00000006c1500000|100%| O|  |TAMS 0x00000006c1500000, 0x00000006c1400000| Untracked 
|  11|0x00000006c1500000, 0x00000006c1600000, 0x00000006c1600000|100%| O|  |TAMS 0x00000006c1600000, 0x00000006c1500000| Untracked 
|  12|0x00000006c1600000, 0x00000006c1700000, 0x00000006c1700000|100%| O|  |TAMS 0x00000006c1700000, 0x00000006c1600000| Untracked 
|  13|0x00000006c1700000, 0x00000006c1800000, 0x00000006c1800000|100%| O|  |TAMS 0x00000006c1800000, 0x00000006c1700000| Untracked 
|  14|0x00000006c1800000, 0x00000006c1900000, 0x00000006c1900000|100%| O|  |TAMS 0x00000006c1900000, 0x00000006c1800000| Untracked 
|  15|0x00000006c1900000, 0x00000006c1a00000, 0x00000006c1a00000|100%| O|  |TAMS 0x00000006c1a00000, 0x00000006c1900000| Untracked 
|  16|0x00000006c1a00000, 0x00000006c1b00000, 0x00000006c1b00000|100%| O|  |TAMS 0x00000006c1b00000, 0x00000006c1a00000| Untracked 
|  17|0x00000006c1b00000, 0x00000006c1c00000, 0x00000006c1c00000|100%| O|  |TAMS 0x00000006c1b6e800, 0x00000006c1b00000| Untracked 
|  18|0x00000006c1c00000, 0x00000006c1d00000, 0x00000006c1d00000|100%| O|  |TAMS 0x00000006c1c00000, 0x00000006c1c00000| Untracked 
|  19|0x00000006c1d00000, 0x00000006c1e00000, 0x00000006c1e00000|100%| O|  |TAMS 0x00000006c1d00000, 0x00000006c1d00000| Untracked 
|  20|0x00000006c1e00000, 0x00000006c1f00000, 0x00000006c1f00000|100%| O|  |TAMS 0x00000006c1e00000, 0x00000006c1e00000| Untracked 
|  21|0x00000006c1f00000, 0x00000006c2000000, 0x00000006c2000000|100%| O|  |TAMS 0x00000006c1f00000, 0x00000006c1f00000| Untracked 
|  22|0x00000006c2000000, 0x00000006c2100000, 0x00000006c2100000|100%| O|  |TAMS 0x00000006c2000000, 0x00000006c2000000| Untracked 
|  23|0x00000006c2100000, 0x00000006c2200000, 0x00000006c2200000|100%| O|  |TAMS 0x00000006c2100000, 0x00000006c2100000| Untracked 
|  24|0x00000006c2200000, 0x00000006c2300000, 0x00000006c2300000|100%| O|  |TAMS 0x00000006c2200000, 0x00000006c2200000| Untracked 
|  25|0x00000006c2300000, 0x00000006c2400000, 0x00000006c2400000|100%| O|  |TAMS 0x00000006c2300000, 0x00000006c2300000| Untracked 
|  26|0x00000006c2400000, 0x00000006c2500000, 0x00000006c2500000|100%| O|  |TAMS 0x00000006c2400000, 0x00000006c2400000| Untracked 
|  27|0x00000006c2500000, 0x00000006c2600000, 0x00000006c2600000|100%| O|  |TAMS 0x00000006c2500000, 0x00000006c2500000| Untracked 
|  28|0x00000006c2600000, 0x00000006c2700000, 0x00000006c2700000|100%| O|  |TAMS 0x00000006c2600000, 0x00000006c2600000| Untracked 
|  29|0x00000006c2700000, 0x00000006c2800000, 0x00000006c2800000|100%| O|  |TAMS 0x00000006c2700000, 0x00000006c2700000| Untracked 
|  30|0x00000006c2800000, 0x00000006c2900000, 0x00000006c2900000|100%| O|  |TAMS 0x00000006c2800000, 0x00000006c2800000| Untracked 
|  31|0x00000006c2900000, 0x00000006c2a00000, 0x00000006c2a00000|100%| O|  |TAMS 0x00000006c2900000, 0x00000006c2900000| Untracked 
|  32|0x00000006c2a00000, 0x00000006c2b00000, 0x00000006c2b00000|100%| O|  |TAMS 0x00000006c2a00000, 0x00000006c2a00000| Untracked 
|  33|0x00000006c2b00000, 0x00000006c2c00000, 0x00000006c2c00000|100%| O|  |TAMS 0x00000006c2b00000, 0x00000006c2b00000| Untracked 
|  34|0x00000006c2c00000, 0x00000006c2d00000, 0x00000006c2d00000|100%| O|  |TAMS 0x00000006c2c00000, 0x00000006c2c00000| Untracked 
|  35|0x00000006c2d00000, 0x00000006c2e00000, 0x00000006c2e00000|100%| O|  |TAMS 0x00000006c2d00000, 0x00000006c2d00000| Untracked 
|  36|0x00000006c2e00000, 0x00000006c2f00000, 0x00000006c2f00000|100%| O|  |TAMS 0x00000006c2e00000, 0x00000006c2e00000| Untracked 
|  37|0x00000006c2f00000, 0x00000006c3000000, 0x00000006c3000000|100%| O|  |TAMS 0x00000006c2f00000, 0x00000006c2f00000| Untracked 
|  38|0x00000006c3000000, 0x00000006c30cf800, 0x00000006c3100000| 81%| O|  |TAMS 0x00000006c3000000, 0x00000006c3000000| Untracked 
|  39|0x00000006c3100000, 0x00000006c3100000, 0x00000006c3200000|  0%| F|  |TAMS 0x00000006c3100000, 0x00000006c3100000| Untracked 
|  40|0x00000006c3200000, 0x00000006c3200000, 0x00000006c3300000|  0%| F|  |TAMS 0x00000006c3200000, 0x00000006c3200000| Untracked 
|  41|0x00000006c3300000, 0x00000006c3300000, 0x00000006c3400000|  0%| F|  |TAMS 0x00000006c3300000, 0x00000006c3300000| Untracked 
|  42|0x00000006c3400000, 0x00000006c3400000, 0x00000006c3500000|  0%| F|  |TAMS 0x00000006c3400000, 0x00000006c3400000| Untracked 
|  43|0x00000006c3500000, 0x00000006c3500000, 0x00000006c3600000|  0%| F|  |TAMS 0x00000006c3500000, 0x00000006c3500000| Untracked 
|  44|0x00000006c3600000, 0x00000006c3600000, 0x00000006c3700000|  0%| F|  |TAMS 0x00000006c3600000, 0x00000006c3600000| Untracked 
|  45|0x00000006c3700000, 0x00000006c3700000, 0x00000006c3800000|  0%| F|  |TAMS 0x00000006c3700000, 0x00000006c3700000| Untracked 
|  46|0x00000006c3800000, 0x00000006c3800000, 0x00000006c3900000|  0%| F|  |TAMS 0x00000006c3800000, 0x00000006c3800000| Untracked 
|  47|0x00000006c3900000, 0x00000006c3900000, 0x00000006c3a00000|  0%| F|  |TAMS 0x00000006c3900000, 0x00000006c3900000| Untracked 
|  48|0x00000006c3a00000, 0x00000006c3a00000, 0x00000006c3b00000|  0%| F|  |TAMS 0x00000006c3a00000, 0x00000006c3a00000| Untracked 
|  49|0x00000006c3b00000, 0x00000006c3b00000, 0x00000006c3c00000|  0%| F|  |TAMS 0x00000006c3b00000, 0x00000006c3b00000| Untracked 
|  50|0x00000006c3c00000, 0x00000006c3c00000, 0x00000006c3d00000|  0%| F|  |TAMS 0x00000006c3c00000, 0x00000006c3c00000| Untracked 
|  51|0x00000006c3d00000, 0x00000006c3d00000, 0x00000006c3e00000|  0%| F|  |TAMS 0x00000006c3d00000, 0x00000006c3d00000| Untracked 
|  52|0x00000006c3e00000, 0x00000006c3e00000, 0x00000006c3f00000|  0%| F|  |TAMS 0x00000006c3e00000, 0x00000006c3e00000| Untracked 
|  53|0x00000006c3f00000, 0x00000006c3f00000, 0x00000006c4000000|  0%| F|  |TAMS 0x00000006c3f00000, 0x00000006c3f00000| Untracked 
|  54|0x00000006c4000000, 0x00000006c4000000, 0x00000006c4100000|  0%| F|  |TAMS 0x00000006c4000000, 0x00000006c4000000| Untracked 
|  55|0x00000006c4100000, 0x00000006c4100000, 0x00000006c4200000|  0%| F|  |TAMS 0x00000006c4100000, 0x00000006c4100000| Untracked 
|  56|0x00000006c4200000, 0x00000006c4200000, 0x00000006c4300000|  0%| F|  |TAMS 0x00000006c4200000, 0x00000006c4200000| Untracked 
|  57|0x00000006c4300000, 0x00000006c4300000, 0x00000006c4400000|  0%| F|  |TAMS 0x00000006c4300000, 0x00000006c4300000| Untracked 
|  58|0x00000006c4400000, 0x00000006c4400000, 0x00000006c4500000|  0%| F|  |TAMS 0x00000006c4400000, 0x00000006c4400000| Untracked 
|  59|0x00000006c4500000, 0x00000006c4500000, 0x00000006c4600000|  0%| F|  |TAMS 0x00000006c4500000, 0x00000006c4500000| Untracked 
|  60|0x00000006c4600000, 0x00000006c4600000, 0x00000006c4700000|  0%| F|  |TAMS 0x00000006c4600000, 0x00000006c4600000| Untracked 
|  61|0x00000006c4700000, 0x00000006c4700000, 0x00000006c4800000|  0%| F|  |TAMS 0x00000006c4700000, 0x00000006c4700000| Untracked 
|  62|0x00000006c4800000, 0x00000006c4800000, 0x00000006c4900000|  0%| F|  |TAMS 0x00000006c4800000, 0x00000006c4800000| Untracked 
|  63|0x00000006c4900000, 0x00000006c4900000, 0x00000006c4a00000|  0%| F|  |TAMS 0x00000006c4900000, 0x00000006c4900000| Untracked 
|  64|0x00000006c4a00000, 0x00000006c4a00000, 0x00000006c4b00000|  0%| F|  |TAMS 0x00000006c4a00000, 0x00000006c4a00000| Untracked 
|  65|0x00000006c4b00000, 0x00000006c4b00000, 0x00000006c4c00000|  0%| F|  |TAMS 0x00000006c4b00000, 0x00000006c4b00000| Untracked 
|  66|0x00000006c4c00000, 0x00000006c4c00000, 0x00000006c4d00000|  0%| F|  |TAMS 0x00000006c4c00000, 0x00000006c4c00000| Untracked 
|  67|0x00000006c4d00000, 0x00000006c4d00000, 0x00000006c4e00000|  0%| F|  |TAMS 0x00000006c4d00000, 0x00000006c4d00000| Untracked 
|  68|0x00000006c4e00000, 0x00000006c4e00000, 0x00000006c4f00000|  0%| F|  |TAMS 0x00000006c4e00000, 0x00000006c4e00000| Untracked 
|  69|0x00000006c4f00000, 0x00000006c4f00000, 0x00000006c5000000|  0%| F|  |TAMS 0x00000006c4f00000, 0x00000006c4f00000| Untracked 
|  70|0x00000006c5000000, 0x00000006c5000000, 0x00000006c5100000|  0%| F|  |TAMS 0x00000006c5000000, 0x00000006c5000000| Untracked 
|  71|0x00000006c5100000, 0x00000006c5100000, 0x00000006c5200000|  0%| F|  |TAMS 0x00000006c5100000, 0x00000006c5100000| Untracked 
|  72|0x00000006c5200000, 0x00000006c5200000, 0x00000006c5300000|  0%| F|  |TAMS 0x00000006c5200000, 0x00000006c5200000| Untracked 
|  73|0x00000006c5300000, 0x00000006c5300000, 0x00000006c5400000|  0%| F|  |TAMS 0x00000006c5300000, 0x00000006c5300000| Untracked 
|  74|0x00000006c5400000, 0x00000006c5400000, 0x00000006c5500000|  0%| F|  |TAMS 0x00000006c5400000, 0x00000006c5400000| Untracked 
|  75|0x00000006c5500000, 0x00000006c5500000, 0x00000006c5600000|  0%| F|  |TAMS 0x00000006c5500000, 0x00000006c5500000| Untracked 
|  76|0x00000006c5600000, 0x00000006c5600000, 0x00000006c5700000|  0%| F|  |TAMS 0x00000006c5600000, 0x00000006c5600000| Untracked 
|  77|0x00000006c5700000, 0x00000006c5700000, 0x00000006c5800000|  0%| F|  |TAMS 0x00000006c5700000, 0x00000006c5700000| Untracked 
|  78|0x00000006c5800000, 0x00000006c5800000, 0x00000006c5900000|  0%| F|  |TAMS 0x00000006c5800000, 0x00000006c5800000| Untracked 
|  79|0x00000006c5900000, 0x00000006c5900000, 0x00000006c5a00000|  0%| F|  |TAMS 0x00000006c5900000, 0x00000006c5900000| Untracked 
|  80|0x00000006c5a00000, 0x00000006c5a00000, 0x00000006c5b00000|  0%| F|  |TAMS 0x00000006c5a00000, 0x00000006c5a00000| Untracked 
|  81|0x00000006c5b00000, 0x00000006c5b00000, 0x00000006c5c00000|  0%| F|  |TAMS 0x00000006c5b00000, 0x00000006c5b00000| Untracked 
|  82|0x00000006c5c00000, 0x00000006c5c00000, 0x00000006c5d00000|  0%| F|  |TAMS 0x00000006c5c00000, 0x00000006c5c00000| Untracked 
|  83|0x00000006c5d00000, 0x00000006c5d00000, 0x00000006c5e00000|  0%| F|  |TAMS 0x00000006c5d00000, 0x00000006c5d00000| Untracked 
|  84|0x00000006c5e00000, 0x00000006c5e00000, 0x00000006c5f00000|  0%| F|  |TAMS 0x00000006c5e00000, 0x00000006c5e00000| Untracked 
|  85|0x00000006c5f00000, 0x00000006c5f00000, 0x00000006c6000000|  0%| F|  |TAMS 0x00000006c5f00000, 0x00000006c5f00000| Untracked 
|  86|0x00000006c6000000, 0x00000006c6000000, 0x00000006c6100000|  0%| F|  |TAMS 0x00000006c6000000, 0x00000006c6000000| Untracked 
|  87|0x00000006c6100000, 0x00000006c6100000, 0x00000006c6200000|  0%| F|  |TAMS 0x00000006c6100000, 0x00000006c6100000| Untracked 
|  88|0x00000006c6200000, 0x00000006c6200000, 0x00000006c6300000|  0%| F|  |TAMS 0x00000006c6200000, 0x00000006c6200000| Untracked 
|  89|0x00000006c6300000, 0x00000006c6300000, 0x00000006c6400000|  0%| F|  |TAMS 0x00000006c6300000, 0x00000006c6300000| Untracked 
|  90|0x00000006c6400000, 0x00000006c6400000, 0x00000006c6500000|  0%| F|  |TAMS 0x00000006c6400000, 0x00000006c6400000| Untracked 
|  91|0x00000006c6500000, 0x00000006c6500000, 0x00000006c6600000|  0%| F|  |TAMS 0x00000006c6500000, 0x00000006c6500000| Untracked 
|  92|0x00000006c6600000, 0x00000006c6600000, 0x00000006c6700000|  0%| F|  |TAMS 0x00000006c6600000, 0x00000006c6600000| Untracked 
|  93|0x00000006c6700000, 0x00000006c6700000, 0x00000006c6800000|  0%| F|  |TAMS 0x00000006c6700000, 0x00000006c6700000| Untracked 
|  94|0x00000006c6800000, 0x00000006c6800000, 0x00000006c6900000|  0%| F|  |TAMS 0x00000006c6800000, 0x00000006c6800000| Untracked 
|  95|0x00000006c6900000, 0x00000006c6900000, 0x00000006c6a00000|  0%| F|  |TAMS 0x00000006c6900000, 0x00000006c6900000| Untracked 
|  96|0x00000006c6a00000, 0x00000006c6a00000, 0x00000006c6b00000|  0%| F|  |TAMS 0x00000006c6a00000, 0x00000006c6a00000| Untracked 
|  97|0x00000006c6b00000, 0x00000006c6b00000, 0x00000006c6c00000|  0%| F|  |TAMS 0x00000006c6b00000, 0x00000006c6b00000| Untracked 
|  98|0x00000006c6c00000, 0x00000006c6c00000, 0x00000006c6d00000|  0%| F|  |TAMS 0x00000006c6c00000, 0x00000006c6c00000| Untracked 
|  99|0x00000006c6d00000, 0x00000006c6d00000, 0x00000006c6e00000|  0%| F|  |TAMS 0x00000006c6d00000, 0x00000006c6d00000| Untracked 
| 100|0x00000006c6e00000, 0x00000006c6e00000, 0x00000006c6f00000|  0%| F|  |TAMS 0x00000006c6e00000, 0x00000006c6e00000| Untracked 
| 101|0x00000006c6f00000, 0x00000006c6f00000, 0x00000006c7000000|  0%| F|  |TAMS 0x00000006c6f00000, 0x00000006c6f00000| Untracked 
| 102|0x00000006c7000000, 0x00000006c7000000, 0x00000006c7100000|  0%| F|  |TAMS 0x00000006c7000000, 0x00000006c7000000| Untracked 
| 103|0x00000006c7100000, 0x00000006c7100000, 0x00000006c7200000|  0%| F|  |TAMS 0x00000006c7100000, 0x00000006c7100000| Untracked 
| 104|0x00000006c7200000, 0x00000006c7200000, 0x00000006c7300000|  0%| F|  |TAMS 0x00000006c7200000, 0x00000006c7200000| Untracked 
| 105|0x00000006c7300000, 0x00000006c7300000, 0x00000006c7400000|  0%| F|  |TAMS 0x00000006c7300000, 0x00000006c7300000| Untracked 
| 106|0x00000006c7400000, 0x00000006c7400000, 0x00000006c7500000|  0%| F|  |TAMS 0x00000006c7400000, 0x00000006c7400000| Untracked 
| 107|0x00000006c7500000, 0x00000006c7500000, 0x00000006c7600000|  0%| F|  |TAMS 0x00000006c7500000, 0x00000006c7500000| Untracked 
| 108|0x00000006c7600000, 0x00000006c7600000, 0x00000006c7700000|  0%| F|  |TAMS 0x00000006c7600000, 0x00000006c7600000| Untracked 
| 109|0x00000006c7700000, 0x00000006c7700000, 0x00000006c7800000|  0%| F|  |TAMS 0x00000006c7700000, 0x00000006c7700000| Untracked 
| 110|0x00000006c7800000, 0x00000006c7800000, 0x00000006c7900000|  0%| F|  |TAMS 0x00000006c7800000, 0x00000006c7800000| Untracked 
| 111|0x00000006c7900000, 0x00000006c7900000, 0x00000006c7a00000|  0%| F|  |TAMS 0x00000006c7900000, 0x00000006c7900000| Untracked 
| 112|0x00000006c7a00000, 0x00000006c7a00000, 0x00000006c7b00000|  0%| F|  |TAMS 0x00000006c7a00000, 0x00000006c7a00000| Untracked 
| 113|0x00000006c7b00000, 0x00000006c7b00000, 0x00000006c7c00000|  0%| F|  |TAMS 0x00000006c7b00000, 0x00000006c7b00000| Untracked 
| 114|0x00000006c7c00000, 0x00000006c7c00000, 0x00000006c7d00000|  0%| F|  |TAMS 0x00000006c7c00000, 0x00000006c7c00000| Untracked 
| 115|0x00000006c7d00000, 0x00000006c7d00000, 0x00000006c7e00000|  0%| F|  |TAMS 0x00000006c7d00000, 0x00000006c7d00000| Untracked 
| 116|0x00000006c7e00000, 0x00000006c7e00000, 0x00000006c7f00000|  0%| F|  |TAMS 0x00000006c7e00000, 0x00000006c7e00000| Untracked 
| 117|0x00000006c7f00000, 0x00000006c7f00000, 0x00000006c8000000|  0%| F|  |TAMS 0x00000006c7f00000, 0x00000006c7f00000| Untracked 
| 118|0x00000006c8000000, 0x00000006c8000000, 0x00000006c8100000|  0%| F|  |TAMS 0x00000006c8000000, 0x00000006c8000000| Untracked 
| 119|0x00000006c8100000, 0x00000006c8100000, 0x00000006c8200000|  0%| F|  |TAMS 0x00000006c8100000, 0x00000006c8100000| Untracked 
| 120|0x00000006c8200000, 0x00000006c8200000, 0x00000006c8300000|  0%| F|  |TAMS 0x00000006c8200000, 0x00000006c8200000| Untracked 
| 121|0x00000006c8300000, 0x00000006c8300000, 0x00000006c8400000|  0%| F|  |TAMS 0x00000006c8300000, 0x00000006c8300000| Untracked 
| 122|0x00000006c8400000, 0x00000006c8400000, 0x00000006c8500000|  0%| F|  |TAMS 0x00000006c8400000, 0x00000006c8400000| Untracked 
| 123|0x00000006c8500000, 0x00000006c8500000, 0x00000006c8600000|  0%| F|  |TAMS 0x00000006c8500000, 0x00000006c8500000| Untracked 
| 124|0x00000006c8600000, 0x00000006c8600000, 0x00000006c8700000|  0%| F|  |TAMS 0x00000006c8600000, 0x00000006c8600000| Untracked 
| 125|0x00000006c8700000, 0x00000006c8700000, 0x00000006c8800000|  0%| F|  |TAMS 0x00000006c8700000, 0x00000006c8700000| Untracked 
| 126|0x00000006c8800000, 0x00000006c8800000, 0x00000006c8900000|  0%| F|  |TAMS 0x00000006c8800000, 0x00000006c8800000| Untracked 
| 127|0x00000006c8900000, 0x00000006c8900000, 0x00000006c8a00000|  0%| F|  |TAMS 0x00000006c8900000, 0x00000006c8900000| Untracked 
| 128|0x00000006c8a00000, 0x00000006c8acb3f0, 0x00000006c8b00000| 79%| S|CS|TAMS 0x00000006c8a00000, 0x00000006c8a00000| Complete 
| 129|0x00000006c8b00000, 0x00000006c8c00000, 0x00000006c8c00000|100%| S|CS|TAMS 0x00000006c8b00000, 0x00000006c8b00000| Complete 
| 130|0x00000006c8c00000, 0x00000006c8d00000, 0x00000006c8d00000|100%| S|CS|TAMS 0x00000006c8c00000, 0x00000006c8c00000| Complete 
| 131|0x00000006c8d00000, 0x00000006c8e00000, 0x00000006c8e00000|100%| S|CS|TAMS 0x00000006c8d00000, 0x00000006c8d00000| Complete 
| 132|0x00000006c8e00000, 0x00000006c8f00000, 0x00000006c8f00000|100%| S|CS|TAMS 0x00000006c8e00000, 0x00000006c8e00000| Complete 
| 133|0x00000006c8f00000, 0x00000006c9000000, 0x00000006c9000000|100%| S|CS|TAMS 0x00000006c8f00000, 0x00000006c8f00000| Complete 
| 134|0x00000006c9000000, 0x00000006c9100000, 0x00000006c9100000|100%| S|CS|TAMS 0x00000006c9000000, 0x00000006c9000000| Complete 
| 135|0x00000006c9100000, 0x00000006c9200000, 0x00000006c9200000|100%| S|CS|TAMS 0x00000006c9100000, 0x00000006c9100000| Complete 
| 136|0x00000006c9200000, 0x00000006c9300000, 0x00000006c9300000|100%| S|CS|TAMS 0x00000006c9200000, 0x00000006c9200000| Complete 
| 137|0x00000006c9300000, 0x00000006c9300000, 0x00000006c9400000|  0%| F|  |TAMS 0x00000006c9300000, 0x00000006c9300000| Untracked 
| 138|0x00000006c9400000, 0x00000006c9400000, 0x00000006c9500000|  0%| F|  |TAMS 0x00000006c9400000, 0x00000006c9400000| Untracked 
| 139|0x00000006c9500000, 0x00000006c9500000, 0x00000006c9600000|  0%| F|  |TAMS 0x00000006c9500000, 0x00000006c9500000| Untracked 
| 140|0x00000006c9600000, 0x00000006c9600000, 0x00000006c9700000|  0%| F|  |TAMS 0x00000006c9600000, 0x00000006c9600000| Untracked 
| 141|0x00000006c9700000, 0x00000006c9700000, 0x00000006c9800000|  0%| F|  |TAMS 0x00000006c9700000, 0x00000006c9700000| Untracked 
| 142|0x00000006c9800000, 0x00000006c9800000, 0x00000006c9900000|  0%| F|  |TAMS 0x00000006c9800000, 0x00000006c9800000| Untracked 
| 143|0x00000006c9900000, 0x00000006c9900000, 0x00000006c9a00000|  0%| F|  |TAMS 0x00000006c9900000, 0x00000006c9900000| Untracked 
| 144|0x00000006c9a00000, 0x00000006c9a00000, 0x00000006c9b00000|  0%| F|  |TAMS 0x00000006c9a00000, 0x00000006c9a00000| Untracked 
| 145|0x00000006c9b00000, 0x00000006c9b00000, 0x00000006c9c00000|  0%| F|  |TAMS 0x00000006c9b00000, 0x00000006c9b00000| Untracked 
| 146|0x00000006c9c00000, 0x00000006c9c00000, 0x00000006c9d00000|  0%| F|  |TAMS 0x00000006c9c00000, 0x00000006c9c00000| Untracked 
| 147|0x00000006c9d00000, 0x00000006c9d00000, 0x00000006c9e00000|  0%| F|  |TAMS 0x00000006c9d00000, 0x00000006c9d00000| Untracked 
| 148|0x00000006c9e00000, 0x00000006c9e00000, 0x00000006c9f00000|  0%| F|  |TAMS 0x00000006c9e00000, 0x00000006c9e00000| Untracked 
| 149|0x00000006c9f00000, 0x00000006c9f00000, 0x00000006ca000000|  0%| F|  |TAMS 0x00000006c9f00000, 0x00000006c9f00000| Untracked 
| 150|0x00000006ca000000, 0x00000006ca000000, 0x00000006ca100000|  0%| F|  |TAMS 0x00000006ca000000, 0x00000006ca000000| Untracked 
| 151|0x00000006ca100000, 0x00000006ca100000, 0x00000006ca200000|  0%| F|  |TAMS 0x00000006ca100000, 0x00000006ca100000| Untracked 
| 152|0x00000006ca200000, 0x00000006ca200000, 0x00000006ca300000|  0%| F|  |TAMS 0x00000006ca200000, 0x00000006ca200000| Untracked 
| 153|0x00000006ca300000, 0x00000006ca300000, 0x00000006ca400000|  0%| F|  |TAMS 0x00000006ca300000, 0x00000006ca300000| Untracked 
| 154|0x00000006ca400000, 0x00000006ca400000, 0x00000006ca500000|  0%| F|  |TAMS 0x00000006ca400000, 0x00000006ca400000| Untracked 
| 155|0x00000006ca500000, 0x00000006ca500000, 0x00000006ca600000|  0%| F|  |TAMS 0x00000006ca500000, 0x00000006ca500000| Untracked 
| 156|0x00000006ca600000, 0x00000006ca600000, 0x00000006ca700000|  0%| F|  |TAMS 0x00000006ca600000, 0x00000006ca600000| Untracked 
| 157|0x00000006ca700000, 0x00000006ca700000, 0x00000006ca800000|  0%| F|  |TAMS 0x00000006ca700000, 0x00000006ca700000| Untracked 
| 158|0x00000006ca800000, 0x00000006ca800000, 0x00000006ca900000|  0%| F|  |TAMS 0x00000006ca800000, 0x00000006ca800000| Untracked 
| 159|0x00000006ca900000, 0x00000006ca900000, 0x00000006caa00000|  0%| F|  |TAMS 0x00000006ca900000, 0x00000006ca900000| Untracked 
| 160|0x00000006caa00000, 0x00000006caa00000, 0x00000006cab00000|  0%| F|  |TAMS 0x00000006caa00000, 0x00000006caa00000| Untracked 
| 161|0x00000006cab00000, 0x00000006cab00000, 0x00000006cac00000|  0%| F|  |TAMS 0x00000006cab00000, 0x00000006cab00000| Untracked 
| 162|0x00000006cac00000, 0x00000006cac00000, 0x00000006cad00000|  0%| F|  |TAMS 0x00000006cac00000, 0x00000006cac00000| Untracked 
| 163|0x00000006cad00000, 0x00000006cad00000, 0x00000006cae00000|  0%| F|  |TAMS 0x00000006cad00000, 0x00000006cad00000| Untracked 
| 164|0x00000006cae00000, 0x00000006cae00000, 0x00000006caf00000|  0%| F|  |TAMS 0x00000006cae00000, 0x00000006cae00000| Untracked 
| 165|0x00000006caf00000, 0x00000006caf00000, 0x00000006cb000000|  0%| F|  |TAMS 0x00000006caf00000, 0x00000006caf00000| Untracked 
| 166|0x00000006cb000000, 0x00000006cb000000, 0x00000006cb100000|  0%| F|  |TAMS 0x00000006cb000000, 0x00000006cb000000| Untracked 
| 167|0x00000006cb100000, 0x00000006cb100000, 0x00000006cb200000|  0%| F|  |TAMS 0x00000006cb100000, 0x00000006cb100000| Untracked 
| 168|0x00000006cb200000, 0x00000006cb200000, 0x00000006cb300000|  0%| F|  |TAMS 0x00000006cb200000, 0x00000006cb200000| Untracked 
| 169|0x00000006cb300000, 0x00000006cb300000, 0x00000006cb400000|  0%| F|  |TAMS 0x00000006cb300000, 0x00000006cb300000| Untracked 
| 170|0x00000006cb400000, 0x00000006cb400000, 0x00000006cb500000|  0%| F|  |TAMS 0x00000006cb400000, 0x00000006cb400000| Untracked 
| 171|0x00000006cb500000, 0x00000006cb500000, 0x00000006cb600000|  0%| F|  |TAMS 0x00000006cb500000, 0x00000006cb500000| Untracked 
| 172|0x00000006cb600000, 0x00000006cb600000, 0x00000006cb700000|  0%| F|  |TAMS 0x00000006cb600000, 0x00000006cb600000| Untracked 
| 173|0x00000006cb700000, 0x00000006cb700000, 0x00000006cb800000|  0%| F|  |TAMS 0x00000006cb700000, 0x00000006cb700000| Untracked 
| 174|0x00000006cb800000, 0x00000006cb800000, 0x00000006cb900000|  0%| F|  |TAMS 0x00000006cb800000, 0x00000006cb800000| Untracked 
| 175|0x00000006cb900000, 0x00000006cb900000, 0x00000006cba00000|  0%| F|  |TAMS 0x00000006cb900000, 0x00000006cb900000| Untracked 
| 176|0x00000006cba00000, 0x00000006cba00000, 0x00000006cbb00000|  0%| F|  |TAMS 0x00000006cba00000, 0x00000006cba00000| Untracked 
| 177|0x00000006cbb00000, 0x00000006cbb00000, 0x00000006cbc00000|  0%| F|  |TAMS 0x00000006cbb00000, 0x00000006cbb00000| Untracked 
| 178|0x00000006cbc00000, 0x00000006cbc00000, 0x00000006cbd00000|  0%| F|  |TAMS 0x00000006cbc00000, 0x00000006cbc00000| Untracked 
| 179|0x00000006cbd00000, 0x00000006cbd00000, 0x00000006cbe00000|  0%| F|  |TAMS 0x00000006cbd00000, 0x00000006cbd00000| Untracked 
| 180|0x00000006cbe00000, 0x00000006cbe00000, 0x00000006cbf00000|  0%| F|  |TAMS 0x00000006cbe00000, 0x00000006cbe00000| Untracked 
| 181|0x00000006cbf00000, 0x00000006cbf00000, 0x00000006cc000000|  0%| F|  |TAMS 0x00000006cbf00000, 0x00000006cbf00000| Untracked 
| 182|0x00000006cc000000, 0x00000006cc000000, 0x00000006cc100000|  0%| F|  |TAMS 0x00000006cc000000, 0x00000006cc000000| Untracked 
| 183|0x00000006cc100000, 0x00000006cc100000, 0x00000006cc200000|  0%| F|  |TAMS 0x00000006cc100000, 0x00000006cc100000| Untracked 
| 184|0x00000006cc200000, 0x00000006cc200000, 0x00000006cc300000|  0%| F|  |TAMS 0x00000006cc200000, 0x00000006cc200000| Untracked 
| 185|0x00000006cc300000, 0x00000006cc300000, 0x00000006cc400000|  0%| F|  |TAMS 0x00000006cc300000, 0x00000006cc300000| Untracked 
| 186|0x00000006cc400000, 0x00000006cc400000, 0x00000006cc500000|  0%| F|  |TAMS 0x00000006cc400000, 0x00000006cc400000| Untracked 
| 187|0x00000006cc500000, 0x00000006cc500000, 0x00000006cc600000|  0%| F|  |TAMS 0x00000006cc500000, 0x00000006cc500000| Untracked 
| 188|0x00000006cc600000, 0x00000006cc600000, 0x00000006cc700000|  0%| F|  |TAMS 0x00000006cc600000, 0x00000006cc600000| Untracked 
| 189|0x00000006cc700000, 0x00000006cc700000, 0x00000006cc800000|  0%| F|  |TAMS 0x00000006cc700000, 0x00000006cc700000| Untracked 
| 190|0x00000006cc800000, 0x00000006cc800000, 0x00000006cc900000|  0%| F|  |TAMS 0x00000006cc800000, 0x00000006cc800000| Untracked 
| 191|0x00000006cc900000, 0x00000006cc900000, 0x00000006cca00000|  0%| F|  |TAMS 0x00000006cc900000, 0x00000006cc900000| Untracked 
| 192|0x00000006cca00000, 0x00000006cca00000, 0x00000006ccb00000|  0%| F|  |TAMS 0x00000006cca00000, 0x00000006cca00000| Untracked 
| 193|0x00000006ccb00000, 0x00000006ccb00000, 0x00000006ccc00000|  0%| F|  |TAMS 0x00000006ccb00000, 0x00000006ccb00000| Untracked 
| 194|0x00000006ccc00000, 0x00000006ccc00000, 0x00000006ccd00000|  0%| F|  |TAMS 0x00000006ccc00000, 0x00000006ccc00000| Untracked 
| 195|0x00000006ccd00000, 0x00000006ccd00000, 0x00000006cce00000|  0%| F|  |TAMS 0x00000006ccd00000, 0x00000006ccd00000| Untracked 
| 196|0x00000006cce00000, 0x00000006cce00000, 0x00000006ccf00000|  0%| F|  |TAMS 0x00000006cce00000, 0x00000006cce00000| Untracked 
| 197|0x00000006ccf00000, 0x00000006ccf00000, 0x00000006cd000000|  0%| F|  |TAMS 0x00000006ccf00000, 0x00000006ccf00000| Untracked 
| 198|0x00000006cd000000, 0x00000006cd000000, 0x00000006cd100000|  0%| F|  |TAMS 0x00000006cd000000, 0x00000006cd000000| Untracked 
| 199|0x00000006cd100000, 0x00000006cd100000, 0x00000006cd200000|  0%| F|  |TAMS 0x00000006cd100000, 0x00000006cd100000| Untracked 
| 200|0x00000006cd200000, 0x00000006cd200000, 0x00000006cd300000|  0%| F|  |TAMS 0x00000006cd200000, 0x00000006cd200000| Untracked 
| 201|0x00000006cd300000, 0x00000006cd300000, 0x00000006cd400000|  0%| F|  |TAMS 0x00000006cd300000, 0x00000006cd300000| Untracked 
| 202|0x00000006cd400000, 0x00000006cd400000, 0x00000006cd500000|  0%| F|  |TAMS 0x00000006cd400000, 0x00000006cd400000| Untracked 
| 203|0x00000006cd500000, 0x00000006cd500000, 0x00000006cd600000|  0%| F|  |TAMS 0x00000006cd500000, 0x00000006cd500000| Untracked 
| 204|0x00000006cd600000, 0x00000006cd600000, 0x00000006cd700000|  0%| F|  |TAMS 0x00000006cd600000, 0x00000006cd600000| Untracked 
| 205|0x00000006cd700000, 0x00000006cd700000, 0x00000006cd800000|  0%| F|  |TAMS 0x00000006cd700000, 0x00000006cd700000| Untracked 
| 206|0x00000006cd800000, 0x00000006cd800000, 0x00000006cd900000|  0%| F|  |TAMS 0x00000006cd800000, 0x00000006cd800000| Untracked 
| 207|0x00000006cd900000, 0x00000006cd900000, 0x00000006cda00000|  0%| F|  |TAMS 0x00000006cd900000, 0x00000006cd900000| Untracked 
| 208|0x00000006cda00000, 0x00000006cda00000, 0x00000006cdb00000|  0%| F|  |TAMS 0x00000006cda00000, 0x00000006cda00000| Untracked 
| 209|0x00000006cdb00000, 0x00000006cdb00000, 0x00000006cdc00000|  0%| F|  |TAMS 0x00000006cdb00000, 0x00000006cdb00000| Untracked 
| 210|0x00000006cdc00000, 0x00000006cdc00000, 0x00000006cdd00000|  0%| F|  |TAMS 0x00000006cdc00000, 0x00000006cdc00000| Untracked 
| 211|0x00000006cdd00000, 0x00000006cdd00000, 0x00000006cde00000|  0%| F|  |TAMS 0x00000006cdd00000, 0x00000006cdd00000| Untracked 
| 212|0x00000006cde00000, 0x00000006cde00000, 0x00000006cdf00000|  0%| F|  |TAMS 0x00000006cde00000, 0x00000006cde00000| Untracked 
| 213|0x00000006cdf00000, 0x00000006cdf00000, 0x00000006ce000000|  0%| F|  |TAMS 0x00000006cdf00000, 0x00000006cdf00000| Untracked 
| 214|0x00000006ce000000, 0x00000006ce000000, 0x00000006ce100000|  0%| F|  |TAMS 0x00000006ce000000, 0x00000006ce000000| Untracked 
| 215|0x00000006ce100000, 0x00000006ce100000, 0x00000006ce200000|  0%| F|  |TAMS 0x00000006ce100000, 0x00000006ce100000| Untracked 
| 216|0x00000006ce200000, 0x00000006ce200000, 0x00000006ce300000|  0%| F|  |TAMS 0x00000006ce200000, 0x00000006ce200000| Untracked 
| 217|0x00000006ce300000, 0x00000006ce300000, 0x00000006ce400000|  0%| F|  |TAMS 0x00000006ce300000, 0x00000006ce300000| Untracked 
| 218|0x00000006ce400000, 0x00000006ce400000, 0x00000006ce500000|  0%| F|  |TAMS 0x00000006ce400000, 0x00000006ce400000| Untracked 
| 219|0x00000006ce500000, 0x00000006ce500000, 0x00000006ce600000|  0%| F|  |TAMS 0x00000006ce500000, 0x00000006ce500000| Untracked 
| 220|0x00000006ce600000, 0x00000006ce600000, 0x00000006ce700000|  0%| F|  |TAMS 0x00000006ce600000, 0x00000006ce600000| Untracked 
| 221|0x00000006ce700000, 0x00000006ce700000, 0x00000006ce800000|  0%| F|  |TAMS 0x00000006ce700000, 0x00000006ce700000| Untracked 
| 222|0x00000006ce800000, 0x00000006ce800000, 0x00000006ce900000|  0%| F|  |TAMS 0x00000006ce800000, 0x00000006ce800000| Untracked 
| 223|0x00000006ce900000, 0x00000006ce900000, 0x00000006cea00000|  0%| F|  |TAMS 0x00000006ce900000, 0x00000006ce900000| Untracked 
| 224|0x00000006cea00000, 0x00000006cea00000, 0x00000006ceb00000|  0%| F|  |TAMS 0x00000006cea00000, 0x00000006cea00000| Untracked 
| 225|0x00000006ceb00000, 0x00000006ceb00000, 0x00000006cec00000|  0%| F|  |TAMS 0x00000006ceb00000, 0x00000006ceb00000| Untracked 
| 226|0x00000006cec00000, 0x00000006cec00000, 0x00000006ced00000|  0%| F|  |TAMS 0x00000006cec00000, 0x00000006cec00000| Untracked 
| 227|0x00000006ced00000, 0x00000006ced00000, 0x00000006cee00000|  0%| F|  |TAMS 0x00000006ced00000, 0x00000006ced00000| Untracked 
| 228|0x00000006cee00000, 0x00000006cee00000, 0x00000006cef00000|  0%| F|  |TAMS 0x00000006cee00000, 0x00000006cee00000| Untracked 
| 229|0x00000006cef00000, 0x00000006cef00000, 0x00000006cf000000|  0%| F|  |TAMS 0x00000006cef00000, 0x00000006cef00000| Untracked 
| 230|0x00000006cf000000, 0x00000006cf000000, 0x00000006cf100000|  0%| F|  |TAMS 0x00000006cf000000, 0x00000006cf000000| Untracked 
| 231|0x00000006cf100000, 0x00000006cf100000, 0x00000006cf200000|  0%| F|  |TAMS 0x00000006cf100000, 0x00000006cf100000| Untracked 
| 232|0x00000006cf200000, 0x00000006cf200000, 0x00000006cf300000|  0%| F|  |TAMS 0x00000006cf200000, 0x00000006cf200000| Untracked 
| 233|0x00000006cf300000, 0x00000006cf300000, 0x00000006cf400000|  0%| F|  |TAMS 0x00000006cf300000, 0x00000006cf300000| Untracked 
| 234|0x00000006cf400000, 0x00000006cf400000, 0x00000006cf500000|  0%| F|  |TAMS 0x00000006cf400000, 0x00000006cf400000| Untracked 
| 235|0x00000006cf500000, 0x00000006cf500000, 0x00000006cf600000|  0%| F|  |TAMS 0x00000006cf500000, 0x00000006cf500000| Untracked 
| 236|0x00000006cf600000, 0x00000006cf600000, 0x00000006cf700000|  0%| F|  |TAMS 0x00000006cf600000, 0x00000006cf600000| Untracked 
| 237|0x00000006cf700000, 0x00000006cf700000, 0x00000006cf800000|  0%| F|  |TAMS 0x00000006cf700000, 0x00000006cf700000| Untracked 
| 238|0x00000006cf800000, 0x00000006cf800000, 0x00000006cf900000|  0%| F|  |TAMS 0x00000006cf800000, 0x00000006cf800000| Untracked 
| 239|0x00000006cf900000, 0x00000006cf900000, 0x00000006cfa00000|  0%| F|  |TAMS 0x00000006cf900000, 0x00000006cf900000| Untracked 
| 240|0x00000006cfa00000, 0x00000006cfa00000, 0x00000006cfb00000|  0%| F|  |TAMS 0x00000006cfa00000, 0x00000006cfa00000| Untracked 
| 241|0x00000006cfb00000, 0x00000006cfb00000, 0x00000006cfc00000|  0%| F|  |TAMS 0x00000006cfb00000, 0x00000006cfb00000| Untracked 
| 242|0x00000006cfc00000, 0x00000006cfc00000, 0x00000006cfd00000|  0%| F|  |TAMS 0x00000006cfc00000, 0x00000006cfc00000| Untracked 
| 243|0x00000006cfd00000, 0x00000006cfd00000, 0x00000006cfe00000|  0%| F|  |TAMS 0x00000006cfd00000, 0x00000006cfd00000| Untracked 
| 244|0x00000006cfe00000, 0x00000006cfe00000, 0x00000006cff00000|  0%| F|  |TAMS 0x00000006cfe00000, 0x00000006cfe00000| Untracked 
| 245|0x00000006cff00000, 0x00000006cff00000, 0x00000006d0000000|  0%| F|  |TAMS 0x00000006cff00000, 0x00000006cff00000| Untracked 
| 246|0x00000006d0000000, 0x00000006d0000000, 0x00000006d0100000|  0%| F|  |TAMS 0x00000006d0000000, 0x00000006d0000000| Untracked 
| 247|0x00000006d0100000, 0x00000006d0100000, 0x00000006d0200000|  0%| F|  |TAMS 0x00000006d0100000, 0x00000006d0100000| Untracked 
| 248|0x00000006d0200000, 0x00000006d0200000, 0x00000006d0300000|  0%| F|  |TAMS 0x00000006d0200000, 0x00000006d0200000| Untracked 
| 249|0x00000006d0300000, 0x00000006d0300000, 0x00000006d0400000|  0%| F|  |TAMS 0x00000006d0300000, 0x00000006d0300000| Untracked 
| 250|0x00000006d0400000, 0x00000006d0400000, 0x00000006d0500000|  0%| F|  |TAMS 0x00000006d0400000, 0x00000006d0400000| Untracked 
| 251|0x00000006d0500000, 0x00000006d0500000, 0x00000006d0600000|  0%| F|  |TAMS 0x00000006d0500000, 0x00000006d0500000| Untracked 
| 252|0x00000006d0600000, 0x00000006d0600000, 0x00000006d0700000|  0%| F|  |TAMS 0x00000006d0600000, 0x00000006d0600000| Untracked 
| 253|0x00000006d0700000, 0x00000006d0700000, 0x00000006d0800000|  0%| F|  |TAMS 0x00000006d0700000, 0x00000006d0700000| Untracked 
| 254|0x00000006d0800000, 0x00000006d0800000, 0x00000006d0900000|  0%| F|  |TAMS 0x00000006d0800000, 0x00000006d0800000| Untracked 
| 255|0x00000006d0900000, 0x00000006d0900000, 0x00000006d0a00000|  0%| F|  |TAMS 0x00000006d0900000, 0x00000006d0900000| Untracked 
| 256|0x00000006d0a00000, 0x00000006d0a00000, 0x00000006d0b00000|  0%| F|  |TAMS 0x00000006d0a00000, 0x00000006d0a00000| Untracked 
| 257|0x00000006d0b00000, 0x00000006d0b00000, 0x00000006d0c00000|  0%| F|  |TAMS 0x00000006d0b00000, 0x00000006d0b00000| Untracked 
| 258|0x00000006d0c00000, 0x00000006d0c00000, 0x00000006d0d00000|  0%| F|  |TAMS 0x00000006d0c00000, 0x00000006d0c00000| Untracked 
| 259|0x00000006d0d00000, 0x00000006d0d00000, 0x00000006d0e00000|  0%| F|  |TAMS 0x00000006d0d00000, 0x00000006d0d00000| Untracked 
| 260|0x00000006d0e00000, 0x00000006d0e00000, 0x00000006d0f00000|  0%| F|  |TAMS 0x00000006d0e00000, 0x00000006d0e00000| Untracked 
| 261|0x00000006d0f00000, 0x00000006d0f00000, 0x00000006d1000000|  0%| F|  |TAMS 0x00000006d0f00000, 0x00000006d0f00000| Untracked 
| 262|0x00000006d1000000, 0x00000006d1000000, 0x00000006d1100000|  0%| F|  |TAMS 0x00000006d1000000, 0x00000006d1000000| Untracked 
| 263|0x00000006d1100000, 0x00000006d1100000, 0x00000006d1200000|  0%| F|  |TAMS 0x00000006d1100000, 0x00000006d1100000| Untracked 
| 264|0x00000006d1200000, 0x00000006d1200000, 0x00000006d1300000|  0%| F|  |TAMS 0x00000006d1200000, 0x00000006d1200000| Untracked 
| 265|0x00000006d1300000, 0x00000006d1300000, 0x00000006d1400000|  0%| F|  |TAMS 0x00000006d1300000, 0x00000006d1300000| Untracked 
| 266|0x00000006d1400000, 0x00000006d1400000, 0x00000006d1500000|  0%| F|  |TAMS 0x00000006d1400000, 0x00000006d1400000| Untracked 
| 267|0x00000006d1500000, 0x00000006d1500000, 0x00000006d1600000|  0%| F|  |TAMS 0x00000006d1500000, 0x00000006d1500000| Untracked 
| 268|0x00000006d1600000, 0x00000006d1600000, 0x00000006d1700000|  0%| F|  |TAMS 0x00000006d1600000, 0x00000006d1600000| Untracked 
| 269|0x00000006d1700000, 0x00000006d1700000, 0x00000006d1800000|  0%| F|  |TAMS 0x00000006d1700000, 0x00000006d1700000| Untracked 
| 270|0x00000006d1800000, 0x00000006d1800000, 0x00000006d1900000|  0%| F|  |TAMS 0x00000006d1800000, 0x00000006d1800000| Untracked 
| 271|0x00000006d1900000, 0x00000006d1900000, 0x00000006d1a00000|  0%| F|  |TAMS 0x00000006d1900000, 0x00000006d1900000| Untracked 
| 272|0x00000006d1a00000, 0x00000006d1a00000, 0x00000006d1b00000|  0%| F|  |TAMS 0x00000006d1a00000, 0x00000006d1a00000| Untracked 
| 273|0x00000006d1b00000, 0x00000006d1b00000, 0x00000006d1c00000|  0%| F|  |TAMS 0x00000006d1b00000, 0x00000006d1b00000| Untracked 
| 274|0x00000006d1c00000, 0x00000006d1c00000, 0x00000006d1d00000|  0%| F|  |TAMS 0x00000006d1c00000, 0x00000006d1c00000| Untracked 
| 275|0x00000006d1d00000, 0x00000006d1d00000, 0x00000006d1e00000|  0%| F|  |TAMS 0x00000006d1d00000, 0x00000006d1d00000| Untracked 
| 276|0x00000006d1e00000, 0x00000006d1e00000, 0x00000006d1f00000|  0%| F|  |TAMS 0x00000006d1e00000, 0x00000006d1e00000| Untracked 
| 277|0x00000006d1f00000, 0x00000006d1f00000, 0x00000006d2000000|  0%| F|  |TAMS 0x00000006d1f00000, 0x00000006d1f00000| Untracked 
| 278|0x00000006d2000000, 0x00000006d2000000, 0x00000006d2100000|  0%| F|  |TAMS 0x00000006d2000000, 0x00000006d2000000| Untracked 
| 279|0x00000006d2100000, 0x00000006d2100000, 0x00000006d2200000|  0%| F|  |TAMS 0x00000006d2100000, 0x00000006d2100000| Untracked 
| 280|0x00000006d2200000, 0x00000006d2200000, 0x00000006d2300000|  0%| F|  |TAMS 0x00000006d2200000, 0x00000006d2200000| Untracked 
| 281|0x00000006d2300000, 0x00000006d2300000, 0x00000006d2400000|  0%| F|  |TAMS 0x00000006d2300000, 0x00000006d2300000| Untracked 
| 282|0x00000006d2400000, 0x00000006d2400000, 0x00000006d2500000|  0%| F|  |TAMS 0x00000006d2400000, 0x00000006d2400000| Untracked 
| 283|0x00000006d2500000, 0x00000006d2500000, 0x00000006d2600000|  0%| F|  |TAMS 0x00000006d2500000, 0x00000006d2500000| Untracked 
| 284|0x00000006d2600000, 0x00000006d2600000, 0x00000006d2700000|  0%| F|  |TAMS 0x00000006d2600000, 0x00000006d2600000| Untracked 
| 285|0x00000006d2700000, 0x00000006d2700000, 0x00000006d2800000|  0%| F|  |TAMS 0x00000006d2700000, 0x00000006d2700000| Untracked 
| 286|0x00000006d2800000, 0x00000006d2800000, 0x00000006d2900000|  0%| F|  |TAMS 0x00000006d2800000, 0x00000006d2800000| Untracked 
| 287|0x00000006d2900000, 0x00000006d2900000, 0x00000006d2a00000|  0%| F|  |TAMS 0x00000006d2900000, 0x00000006d2900000| Untracked 
| 288|0x00000006d2a00000, 0x00000006d2a00000, 0x00000006d2b00000|  0%| F|  |TAMS 0x00000006d2a00000, 0x00000006d2a00000| Untracked 
| 289|0x00000006d2b00000, 0x00000006d2b00000, 0x00000006d2c00000|  0%| F|  |TAMS 0x00000006d2b00000, 0x00000006d2b00000| Untracked 
| 290|0x00000006d2c00000, 0x00000006d2c00000, 0x00000006d2d00000|  0%| F|  |TAMS 0x00000006d2c00000, 0x00000006d2c00000| Untracked 
| 291|0x00000006d2d00000, 0x00000006d2d00000, 0x00000006d2e00000|  0%| F|  |TAMS 0x00000006d2d00000, 0x00000006d2d00000| Untracked 
| 292|0x00000006d2e00000, 0x00000006d2e00000, 0x00000006d2f00000|  0%| F|  |TAMS 0x00000006d2e00000, 0x00000006d2e00000| Untracked 
| 293|0x00000006d2f00000, 0x00000006d2f00000, 0x00000006d3000000|  0%| F|  |TAMS 0x00000006d2f00000, 0x00000006d2f00000| Untracked 
| 294|0x00000006d3000000, 0x00000006d3000000, 0x00000006d3100000|  0%| F|  |TAMS 0x00000006d3000000, 0x00000006d3000000| Untracked 
| 295|0x00000006d3100000, 0x00000006d3100000, 0x00000006d3200000|  0%| F|  |TAMS 0x00000006d3100000, 0x00000006d3100000| Untracked 
| 296|0x00000006d3200000, 0x00000006d3200000, 0x00000006d3300000|  0%| F|  |TAMS 0x00000006d3200000, 0x00000006d3200000| Untracked 
| 297|0x00000006d3300000, 0x00000006d3300000, 0x00000006d3400000|  0%| F|  |TAMS 0x00000006d3300000, 0x00000006d3300000| Untracked 
| 298|0x00000006d3400000, 0x00000006d3400000, 0x00000006d3500000|  0%| F|  |TAMS 0x00000006d3400000, 0x00000006d3400000| Untracked 
| 299|0x00000006d3500000, 0x00000006d3500000, 0x00000006d3600000|  0%| F|  |TAMS 0x00000006d3500000, 0x00000006d3500000| Untracked 
| 300|0x00000006d3600000, 0x00000006d3600000, 0x00000006d3700000|  0%| F|  |TAMS 0x00000006d3600000, 0x00000006d3600000| Untracked 
| 301|0x00000006d3700000, 0x00000006d3700000, 0x00000006d3800000|  0%| F|  |TAMS 0x00000006d3700000, 0x00000006d3700000| Untracked 
| 302|0x00000006d3800000, 0x00000006d3800000, 0x00000006d3900000|  0%| F|  |TAMS 0x00000006d3800000, 0x00000006d3800000| Untracked 
| 303|0x00000006d3900000, 0x00000006d3900000, 0x00000006d3a00000|  0%| F|  |TAMS 0x00000006d3900000, 0x00000006d3900000| Untracked 
| 304|0x00000006d3a00000, 0x00000006d3a27f38, 0x00000006d3b00000| 15%| E|  |TAMS 0x00000006d3a00000, 0x00000006d3a00000| Complete 
| 305|0x00000006d3b00000, 0x00000006d3c00000, 0x00000006d3c00000|100%| E|CS|TAMS 0x00000006d3b00000, 0x00000006d3b00000| Complete 
| 306|0x00000006d3c00000, 0x00000006d3d00000, 0x00000006d3d00000|100%| E|CS|TAMS 0x00000006d3c00000, 0x00000006d3c00000| Complete 
| 307|0x00000006d3d00000, 0x00000006d3e00000, 0x00000006d3e00000|100%| E|CS|TAMS 0x00000006d3d00000, 0x00000006d3d00000| Complete 
| 308|0x00000006d3e00000, 0x00000006d3f00000, 0x00000006d3f00000|100%| E|CS|TAMS 0x00000006d3e00000, 0x00000006d3e00000| Complete 
| 309|0x00000006d3f00000, 0x00000006d4000000, 0x00000006d4000000|100%| E|CS|TAMS 0x00000006d3f00000, 0x00000006d3f00000| Complete 
| 310|0x00000006d4000000, 0x00000006d4100000, 0x00000006d4100000|100%| E|CS|TAMS 0x00000006d4000000, 0x00000006d4000000| Complete 
| 311|0x00000006d4100000, 0x00000006d4200000, 0x00000006d4200000|100%| E|CS|TAMS 0x00000006d4100000, 0x00000006d4100000| Complete 
| 312|0x00000006d4200000, 0x00000006d4300000, 0x00000006d4300000|100%| E|CS|TAMS 0x00000006d4200000, 0x00000006d4200000| Complete 
| 313|0x00000006d4300000, 0x00000006d4400000, 0x00000006d4400000|100%| E|CS|TAMS 0x00000006d4300000, 0x00000006d4300000| Complete 
| 314|0x00000006d4400000, 0x00000006d4500000, 0x00000006d4500000|100%| E|CS|TAMS 0x00000006d4400000, 0x00000006d4400000| Complete 
| 315|0x00000006d4500000, 0x00000006d4600000, 0x00000006d4600000|100%| E|CS|TAMS 0x00000006d4500000, 0x00000006d4500000| Complete 
| 316|0x00000006d4600000, 0x00000006d4700000, 0x00000006d4700000|100%| E|CS|TAMS 0x00000006d4600000, 0x00000006d4600000| Complete 
| 317|0x00000006d4700000, 0x00000006d4800000, 0x00000006d4800000|100%| E|CS|TAMS 0x00000006d4700000, 0x00000006d4700000| Complete 
| 318|0x00000006d4800000, 0x00000006d4900000, 0x00000006d4900000|100%| E|CS|TAMS 0x00000006d4800000, 0x00000006d4800000| Complete 
| 319|0x00000006d4900000, 0x00000006d4a00000, 0x00000006d4a00000|100%| E|CS|TAMS 0x00000006d4900000, 0x00000006d4900000| Complete 

Card table byte_map: [0x000001dfbf070000,0x000001dfbfa70000] _byte_map_base: 0x000001dfbba6b000

Marking Bits (Prev, Next): (CMBitMap*) 0x000001dfa73ed860, (CMBitMap*) 0x000001dfa73ed828
 Prev Bits: [0x000001dfc5450000, 0x000001dfca428000)
 Next Bits: [0x000001dfc0470000, 0x000001dfc5448000)

Polling page: 0x000001dfa6b00000

Metaspace:

Usage:
  Non-class:     82.20 MB capacity,    80.74 MB ( 98%) used,     1.16 MB (  1%) free+waste,   313.31 KB ( <1%) overhead. 
      Class:     12.50 MB capacity,    11.54 MB ( 92%) used,   838.43 KB (  7%) free+waste,   143.38 KB (  1%) overhead. 
       Both:     94.70 MB capacity,    92.28 MB ( 97%) used,     1.98 MB (  2%) free+waste,   456.69 KB ( <1%) overhead. 

Virtual space:
  Non-class space:       84.00 MB reserved,      82.25 MB ( 98%) committed 
      Class space:        1.00 GB reserved,      12.57 MB (  1%) committed 
             Both:        1.08 GB reserved,      94.82 MB (  9%) committed 

Chunk freelists:
   Non-Class:  5.88 KB
       Class:  0 bytes
        Both:  5.88 KB

CodeHeap 'non-profiled nmethods': size=120064Kb used=8004Kb max_used=10504Kb free=112059Kb
 bounds [0x000001dfb7130000, 0x000001dfb7b80000, 0x000001dfbe670000]
CodeHeap 'profiled nmethods': size=120000Kb used=25536Kb max_used=29413Kb free=94463Kb
 bounds [0x000001dfafc00000, 0x000001dfb1920000, 0x000001dfb7130000]
CodeHeap 'non-nmethods': size=5696Kb used=1297Kb max_used=1375Kb free=4398Kb
 bounds [0x000001dfaf670000, 0x000001dfaf8e0000, 0x000001dfafc00000]
 total_blobs=17082 nmethods=10675 adapters=591
 compilation: enabled
              stopped_count=0, restarted_count=0
 full_count=0

Compilation events (10 events):
Event: 23560.507 Thread 0x000001dfcd2b6000 nmethod 12979 0x000001dfafc00290 code [0x000001dfafc00440, 0x000001dfafc00598]
Event: 23561.082 Thread 0x000001dfcd2ad800 12980   !   4       sun.net.www.protocol.http.HttpURLConnection::getHeaderFieldKey (34 bytes)
Event: 23561.088 Thread 0x000001dfcd2ad800 nmethod 12980 0x000001dfb720bf90 code [0x000001dfb720c140, 0x000001dfb720c808]
Event: 23570.628 Thread 0x000001dfcd2b6000 12982       3       java.util.concurrent.ConcurrentSkipListMap::doRemove (180 bytes)
Event: 23570.630 Thread 0x000001dfcd2b6000 nmethod 12982 0x000001dfafdbc410 code [0x000001dfafdbc840, 0x000001dfafdbe780]
Event: 23570.630 Thread 0x000001dfcd2b6000 12981       3       java.util.concurrent.ConcurrentSkipListMap::remove (31 bytes)
Event: 23570.630 Thread 0x000001dfcd2b6000 nmethod 12981 0x000001dfafc10110 code [0x000001dfafc102e0, 0x000001dfafc10600]
Event: 23570.630 Thread 0x000001dfcd2b6000 12983       3       java.util.concurrent.ConcurrentSkipListMap::tryReduceLevel (78 bytes)
Event: 23570.631 Thread 0x000001dfcd2b6000 nmethod 12983 0x000001dfafc96a10 code [0x000001dfafc96da0, 0x000001dfafc983e0]
Event: 23591.108 Thread 0x000001dfcd2ad800 12984   !   4       java.io.PrintStream::write (69 bytes)

GC Heap History (10 events):
Event: 1011.827 GC heap before
{Heap before GC invocations=13 (full 0):
 garbage-first heap   total 327680K, used 218908K [0x00000006c0a00000, 0x0000000800000000)
  region size 1024K, 192 young (196608K), 18 survivors (18432K)
 Metaspace       used 92211K, capacity 94706K, committed 94796K, reserved 1130496K
  class space    used 11805K, capacity 12786K, committed 12876K, reserved 1048576K
}
Event: 1011.844 GC heap after
{Heap after GC invocations=14 (full 0):
 garbage-first heap   total 327680K, used 48086K [0x00000006c0a00000, 0x0000000800000000)
  region size 1024K, 19 young (19456K), 19 survivors (19456K)
 Metaspace       used 92211K, capacity 94706K, committed 94796K, reserved 1130496K
  class space    used 11805K, capacity 12786K, committed 12876K, reserved 1048576K
}
Event: 6053.616 GC heap before
{Heap before GC invocations=14 (full 0):
 garbage-first heap   total 327680K, used 225238K [0x00000006c0a00000, 0x0000000800000000)
  region size 1024K, 192 young (196608K), 19 survivors (19456K)
 Metaspace       used 93103K, capacity 95650K, committed 95820K, reserved 1132544K
  class space    used 11809K, capacity 12792K, committed 12876K, reserved 1048576K
}
Event: 6053.642 GC heap after
{Heap after GC invocations=15 (full 0):
 garbage-first heap   total 327680K, used 49982K [0x00000006c0a00000, 0x0000000800000000)
  region size 1024K, 10 young (10240K), 10 survivors (10240K)
 Metaspace       used 93103K, capacity 95650K, committed 95820K, reserved 1132544K
  class space    used 11809K, capacity 12792K, committed 12876K, reserved 1048576K
}
Event: 11569.532 GC heap before
{Heap before GC invocations=15 (full 0):
 garbage-first heap   total 327680K, used 236350K [0x00000006c0a00000, 0x0000000800000000)
  region size 1024K, 192 young (196608K), 10 survivors (10240K)
 Metaspace       used 93699K, capacity 96233K, committed 96332K, reserved 1132544K
  class space    used 11811K, capacity 12792K, committed 12876K, reserved 1048576K
}
Event: 11569.554 GC heap after
{Heap after GC invocations=16 (full 0):
 garbage-first heap   total 327680K, used 48446K [0x00000006c0a00000, 0x0000000800000000)
  region size 1024K, 9 young (9216K), 9 survivors (9216K)
 Metaspace       used 93699K, capacity 96233K, committed 96332K, reserved 1132544K
  class space    used 11811K, capacity 12792K, committed 12876K, reserved 1048576K
}
Event: 17114.123 GC heap before
{Heap before GC invocations=16 (full 0):
 garbage-first heap   total 327680K, used 235838K [0x00000006c0a00000, 0x0000000800000000)
  region size 1024K, 192 young (196608K), 9 survivors (9216K)
 Metaspace       used 94027K, capacity 96565K, committed 96844K, reserved 1132544K
  class space    used 11811K, capacity 12792K, committed 12876K, reserved 1048576K
}
Event: 17114.164 GC heap after
{Heap after GC invocations=17 (full 0):
 garbage-first heap   total 327680K, used 48360K [0x00000006c0a00000, 0x0000000800000000)
  region size 1024K, 9 young (9216K), 9 survivors (9216K)
 Metaspace       used 94027K, capacity 96565K, committed 96844K, reserved 1132544K
  class space    used 11811K, capacity 12792K, committed 12876K, reserved 1048576K
}
Event: 23323.154 GC heap before
{Heap before GC invocations=17 (full 0):
 garbage-first heap   total 327680K, used 235752K [0x00000006c0a00000, 0x0000000800000000)
  region size 1024K, 192 young (196608K), 9 survivors (9216K)
 Metaspace       used 94443K, capacity 96977K, committed 97100K, reserved 1134592K
  class space    used 11818K, capacity 12800K, committed 12876K, reserved 1048576K
}
Event: 23323.452 GC heap after
{Heap after GC invocations=18 (full 0):
 garbage-first heap   total 327680K, used 48746K [0x00000006c0a00000, 0x0000000800000000)
  region size 1024K, 9 young (9216K), 9 survivors (9216K)
 Metaspace       used 94443K, capacity 96977K, committed 97100K, reserved 1134592K
  class space    used 11818K, capacity 12800K, committed 12876K, reserved 1048576K
}

Deoptimization events (10 events):
Event: 18901.864 Thread 0x000001dfce3dd800 Uncommon trap: reason=unstable_if action=reinterpret pc=0x000001dfb79efe48 method=java.util.concurrent.FutureTask.runAndReset()Z @ 116 c2
Event: 23058.813 Thread 0x000001dfd3911000 Uncommon trap: reason=unstable_if action=reinterpret pc=0x000001dfb7b6eff0 method=ch.qos.logback.classic.Level.fromLocationAwareLoggerInteger(I)Lch/qos/logback/classic/Level; @ 1 c2
Event: 23059.039 Thread 0x000001dfd3910000 Uncommon trap: reason=unstable_if action=reinterpret pc=0x000001dfb7b20498 method=java.net.PlainSocketImpl.checkAndReturnNativeFD()I @ 4 c2
Event: 23059.256 Thread 0x000001dfd3910000 Uncommon trap: reason=unstable_if action=reinterpret pc=0x000001dfb7999074 method=java.net.AbstractPlainSocketImpl.releaseFD()V @ 22 c2
Event: 23060.469 Thread 0x000001dfd3910000 Uncommon trap: reason=unstable_if action=reinterpret pc=0x000001dfb7b3e4e4 method=java.util.concurrent.SynchronousQueue$TransferStack.shouldSpin(Ljava/util/concurrent/SynchronousQueue$TransferStack$SNode;)Z @ 7 c2
Event: 23061.554 Thread 0x000001dfd390f800 Uncommon trap: reason=unstable_if action=reinterpret pc=0x000001dfb7906a84 method=java.util.concurrent.SynchronousQueue$TransferStack.shouldSpin(Ljava/util/concurrent/SynchronousQueue$TransferStack$SNode;)Z @ 7 c2
Event: 23323.457 Thread 0x000001dfcd1e0800 Uncommon trap: reason=class_check action=maybe_recompile pc=0x000001dfb71d0ebc method=jdk.internal.ref.PhantomCleanable.clean()V @ 12 c2
Event: 23323.474 Thread 0x000001dfcd1e0800 Uncommon trap: reason=class_check action=maybe_recompile pc=0x000001dfb71d0ebc method=jdk.internal.ref.PhantomCleanable.clean()V @ 12 c2
Event: 23323.475 Thread 0x000001dfcd1e0800 Uncommon trap: reason=class_check action=maybe_recompile pc=0x000001dfb71d0ebc method=jdk.internal.ref.PhantomCleanable.clean()V @ 12 c2
Event: 23323.475 Thread 0x000001dfcd1e0800 Uncommon trap: reason=class_check action=maybe_recompile pc=0x000001dfb71d0ebc method=jdk.internal.ref.PhantomCleanable.clean()V @ 12 c2

Classes redefined (0 events):
No events

Internal exceptions (10 events):
Event: 23586.301 Thread 0x000001dfd3904000 Exception <a 'java/net/SocketTimeoutException'{0x00000006d404a998}: Read timed out> (0x00000006d404a998) thrown at [t:/workspace/open/src/hotspot/share/prims/jni.cpp, line 636]
Event: 23587.239 Thread 0x000001dfd3911000 Exception <a 'sun/net/ConnectionResetException'{0x00000006d3b14d90}: > (0x00000006d3b14d90) thrown at [t:/workspace/open/src/hotspot/share/prims/jni.cpp, line 636]
Event: 23587.239 Thread 0x000001dfd3911000 Exception <a 'java/io/IOException'{0x00000006d3b17448}> (0x00000006d3b17448) thrown at [t:/workspace/open/src/hotspot/share/prims/jni.cpp, line 615]
Event: 23588.246 Thread 0x000001dfd3911000 Exception <a 'sun/net/ConnectionResetException'{0x00000006d3b19978}: > (0x00000006d3b19978) thrown at [t:/workspace/open/src/hotspot/share/prims/jni.cpp, line 636]
Event: 23588.246 Thread 0x000001dfd3911000 Exception <a 'java/io/IOException'{0x00000006d3b1c030}> (0x00000006d3b1c030) thrown at [t:/workspace/open/src/hotspot/share/prims/jni.cpp, line 615]
Event: 23589.254 Thread 0x000001dfd3911000 Exception <a 'sun/net/ConnectionResetException'{0x00000006d3b1e560}: > (0x00000006d3b1e560) thrown at [t:/workspace/open/src/hotspot/share/prims/jni.cpp, line 636]
Event: 23589.256 Thread 0x000001dfd3911000 Exception <a 'java/io/IOException'{0x00000006d3b20c18}> (0x00000006d3b20c18) thrown at [t:/workspace/open/src/hotspot/share/prims/jni.cpp, line 615]
Event: 23590.263 Thread 0x000001dfd3911000 Exception <a 'sun/net/ConnectionResetException'{0x00000006d3b23380}: > (0x00000006d3b23380) thrown at [t:/workspace/open/src/hotspot/share/prims/jni.cpp, line 636]
Event: 23590.264 Thread 0x000001dfd3911000 Exception <a 'java/io/IOException'{0x00000006d3b25a38}> (0x00000006d3b25a38) thrown at [t:/workspace/open/src/hotspot/share/prims/jni.cpp, line 615]
Event: 23591.105 Thread 0x000001dfd390a800 Exception <a 'java/net/SocketTimeoutException'{0x00000006d3c571c0}: Read timed out> (0x00000006d3c571c0) thrown at [t:/workspace/open/src/hotspot/share/prims/jni.cpp, line 636]

Events (10 events):
Event: 23539.850 Thread 0x000001dfd3912000 Thread exited: 0x000001dfd3912000
Event: 23539.850 Thread 0x000001dfd3906800 Thread exited: 0x000001dfd3906800
Event: 23544.959 Thread 0x000001dfd3906800 Thread added: 0x000001dfd3906800
Event: 23544.959 Thread 0x000001dfd3912000 Thread added: 0x000001dfd3912000
Event: 23579.678 Executing VM operation: RevokeBias
Event: 23579.678 Executing VM operation: RevokeBias done
Event: 23579.678 Thread 0x000001dfd3912000 Thread exited: 0x000001dfd3912000
Event: 23579.678 Thread 0x000001dfd3906800 Thread exited: 0x000001dfd3906800
Event: 23584.798 Thread 0x000001dfd3906800 Thread added: 0x000001dfd3906800
Event: 23584.798 Thread 0x000001dfd390d000 Thread added: 0x000001dfd390d000


Dynamic libraries:
0x00007ff75c320000 - 0x00007ff75c365000 	C:\Program Files (x86)\jdk-11\bin\java.exe
0x00007ffa239f0000 - 0x00007ffa23be8000 	C:\Windows\SYSTEM32\ntdll.dll
0x00007ffa233f0000 - 0x00007ffa234ad000 	C:\Windows\System32\KERNEL32.DLL
0x00007ffa21360000 - 0x00007ffa2162e000 	C:\Windows\System32\KERNELBASE.dll
0x00007ffa223d0000 - 0x00007ffa22570000 	C:\Windows\System32\USER32.dll
0x00007ffa21790000 - 0x00007ffa217b2000 	C:\Windows\System32\win32u.dll
0x00007ffa223a0000 - 0x00007ffa223ca000 	C:\Windows\System32\GDI32.dll
0x00007ffa21860000 - 0x00007ffa2196b000 	C:\Windows\System32\gdi32full.dll
0x00007ffa217c0000 - 0x00007ffa2185d000 	C:\Windows\System32\msvcp_win.dll
0x00007ffa21110000 - 0x00007ffa21210000 	C:\Windows\System32\ucrtbase.dll
0x00007ffa09480000 - 0x00007ffa0971a000 	C:\Windows\WinSxS\amd64_microsoft.windows.common-controls_6595b64144ccf1df_6.0.19041.1110_none_60b5254171f9507e\COMCTL32.dll
0x00007ffa226a0000 - 0x00007ffa2273e000 	C:\Windows\System32\msvcrt.dll
0x00007ffa21c00000 - 0x00007ffa21c30000 	C:\Windows\System32\IMM32.DLL
0x00007ff9fbe80000 - 0x00007ff9fbe96000 	C:\Program Files (x86)\jdk-11\bin\vcruntime140.dll
0x00007ff9c9bc0000 - 0x00007ff9c9c6a000 	C:\Program Files (x86)\jdk-11\bin\msvcp140.dll
0x00007ff9c7370000 - 0x00007ff9c7eb1000 	C:\Program Files (x86)\jdk-11\bin\server\jvm.dll
0x00007ffa22be0000 - 0x00007ffa22c8e000 	C:\Windows\System32\ADVAPI32.dll
0x00007ffa22740000 - 0x00007ffa227dc000 	C:\Windows\System32\sechost.dll
0x00007ffa22570000 - 0x00007ffa22695000 	C:\Windows\System32\RPCRT4.dll
0x00007ffa21c90000 - 0x00007ffa21c98000 	C:\Windows\System32\PSAPI.DLL
0x00007ffa16620000 - 0x00007ffa16629000 	C:\Windows\SYSTEM32\WSOCK32.dll
0x00007ffa23830000 - 0x00007ffa2389b000 	C:\Windows\System32\WS2_32.dll
0x00007ffa189e0000 - 0x00007ffa18a07000 	C:\Windows\SYSTEM32\WINMM.dll
0x00007ffa19690000 - 0x00007ffa1969a000 	C:\Windows\SYSTEM32\VERSION.dll
0x00007ffa1efe0000 - 0x00007ffa1eff2000 	C:\Windows\SYSTEM32\kernel.appcore.dll
0x00007ff9fbbb0000 - 0x00007ff9fbbc1000 	C:\Program Files (x86)\jdk-11\bin\verify.dll
0x00007ffa11a90000 - 0x00007ffa11c74000 	C:\Windows\SYSTEM32\DBGHELP.DLL
0x00007ffa15b10000 - 0x00007ffa15b3c000 	C:\Windows\SYSTEM32\dbgcore.DLL
0x00007ffa21970000 - 0x00007ffa219f2000 	C:\Windows\System32\bcryptPrimitives.dll
0x00007ff9fbb80000 - 0x00007ff9fbba8000 	C:\Program Files (x86)\jdk-11\bin\java.dll
0x00007ff9f9cd0000 - 0x00007ff9f9ce6000 	C:\Program Files (x86)\jdk-11\bin\zip.dll
0x00007ffa18680000 - 0x00007ffa1868a000 	C:\Program Files (x86)\jdk-11\bin\jimage.dll
0x00007ffa22ca0000 - 0x00007ffa233e3000 	C:\Windows\System32\SHELL32.dll
0x00007ffa1f1e0000 - 0x00007ffa1f975000 	C:\Windows\SYSTEM32\windows.storage.dll
0x00007ffa234b0000 - 0x00007ffa23804000 	C:\Windows\System32\combase.dll
0x00007ffa209c0000 - 0x00007ffa209f0000 	C:\Windows\SYSTEM32\Wldp.dll
0x00007ffa22a00000 - 0x00007ffa22aad000 	C:\Windows\System32\SHCORE.dll
0x00007ffa21ca0000 - 0x00007ffa21cf5000 	C:\Windows\System32\shlwapi.dll
0x00007ffa21050000 - 0x00007ffa2106f000 	C:\Windows\SYSTEM32\profapi.dll
0x00007ff9f9250000 - 0x00007ff9f9269000 	C:\Program Files (x86)\jdk-11\bin\net.dll
0x00007ffa1ac70000 - 0x00007ffa1ad7a000 	C:\Windows\SYSTEM32\WINHTTP.dll
0x00007ffa207a0000 - 0x00007ffa2080a000 	C:\Windows\system32\mswsock.dll
0x00007ff9f60b0000 - 0x00007ff9f60c3000 	C:\Program Files (x86)\jdk-11\bin\nio.dll
0x00007ff9fd8b0000 - 0x00007ff9fd8b9000 	C:\Program Files (x86)\jdk-11\bin\management.dll
0x00007ff9fbfc0000 - 0x00007ff9fbfcc000 	C:\Program Files (x86)\jdk-11\bin\management_ext.dll
0x00007ffa00fa0000 - 0x00007ffa00fb7000 	C:\Windows\system32\napinsp.dll
0x00007ffa00f80000 - 0x00007ffa00f9b000 	C:\Windows\system32\pnrpnsp.dll
0x00007ffa00f60000 - 0x00007ffa00f75000 	C:\Windows\system32\wshbth.dll
0x00007ffa1bf70000 - 0x00007ffa1bf8d000 	C:\Windows\system32\NLAapi.dll
0x00007ffa204b0000 - 0x00007ffa204eb000 	C:\Windows\SYSTEM32\IPHLPAPI.DLL
0x00007ffa204f0000 - 0x00007ffa205ba000 	C:\Windows\SYSTEM32\DNSAPI.dll
0x00007ffa22c90000 - 0x00007ffa22c98000 	C:\Windows\System32\NSI.dll
0x00007ffa00f40000 - 0x00007ffa00f52000 	C:\Windows\System32\winrnr.dll
0x00007ffa19820000 - 0x00007ffa1982a000 	C:\Windows\System32\rasadhlp.dll
0x00007ffa198f0000 - 0x00007ffa19970000 	C:\Windows\System32\fwpuclnt.dll
0x00007ffa212c0000 - 0x00007ffa212e7000 	C:\Windows\System32\bcrypt.dll
0x00007ffa20a00000 - 0x00007ffa20a18000 	C:\Windows\SYSTEM32\CRYPTSP.dll
0x00007ffa20140000 - 0x00007ffa20174000 	C:\Windows\system32\rsaenh.dll
0x00007ffa21010000 - 0x00007ffa2103e000 	C:\Windows\SYSTEM32\USERENV.dll
0x00007ffa20930000 - 0x00007ffa2093c000 	C:\Windows\SYSTEM32\CRYPTBASE.dll
0x00007ffa1bc40000 - 0x00007ffa1bc57000 	C:\Windows\SYSTEM32\dhcpcsvc6.DLL
0x00007ffa1bc20000 - 0x00007ffa1bc3d000 	C:\Windows\SYSTEM32\dhcpcsvc.DLL
0x0000000180000000 - 0x0000000180285000 	F:\xampp\tomcat\bin\tcnative-1.dll
0x00007ffa21630000 - 0x00007ffa21786000 	C:\Windows\System32\CRYPT32.dll
0x00007ff9f5ff0000 - 0x00007ff9f6017000 	C:\Program Files (x86)\jdk-11\bin\sunec.dll
0x00007ffa18730000 - 0x00007ffa1873d000 	C:\Program Files (x86)\jdk-11\bin\sunmscapi.dll
0x00007ffa20b10000 - 0x00007ffa20b37000 	C:\Windows\SYSTEM32\ncrypt.dll
0x00007ffa20ad0000 - 0x00007ffa20b0b000 	C:\Windows\SYSTEM32\NTASN1.dll

dbghelp: loaded successfully - version: 4.0.5 - missing functions: none
symbol engine: initialized successfully - sym options: 0x614 - pdb path: .;C:\Program Files (x86)\jdk-11\bin;C:\Windows\SYSTEM32;C:\Windows\WinSxS\amd64_microsoft.windows.common-controls_6595b64144ccf1df_6.0.19041.1110_none_60b5254171f9507e;C:\Program Files (x86)\jdk-11\bin\server;F:\xampp\tomcat\bin

VM Arguments:
jvm_args: -Dcom.sun.management.jmxremote -Dcom.sun.management.jmxremote.port=64857 -Dcom.sun.management.jmxremote.authenticate=false -Dcom.sun.management.jmxremote.ssl=false -Djava.rmi.server.hostname=localhost -Dspring.application.admin.enabled=true -Dspring.jmx.enabled=true -Dspring.boot.project.name=usuario -Dfile.encoding=UTF-8 
java_command: com.microservicio.usuario.UsuarioApplication
java_class_path (initial): F:\sirimv2\microservices\simparent\businessdomain\usuario\target\classes;C:\Users\Cristhopher-Desktop\.m2\repository\org\springframework\boot\spring-boot-starter-security\2.3.9.RELEASE\spring-boot-starter-security-2.3.9.RELEASE.jar;C:\Users\Cristhopher-Desktop\.m2\repository\org\springframework\spring-aop\5.2.13.RELEASE\spring-aop-5.2.13.RELEASE.jar;C:\Users\Cristhopher-Desktop\.m2\repository\org\springframework\spring-beans\5.2.13.RELEASE\spring-beans-5.2.13.RELEASE.jar;C:\Users\Cristhopher-Desktop\.m2\repository\org\springframework\security\spring-security-config\5.3.8.RELEASE\spring-security-config-5.3.8.RELEASE.jar;C:\Users\Cristhopher-Desktop\.m2\repository\org\springframework\security\spring-security-core\5.3.8.RELEASE\spring-security-core-5.3.8.RELEASE.jar;C:\Users\Cristhopher-Desktop\.m2\repository\org\springframework\spring-context\5.2.13.RELEASE\spring-context-5.2.13.RELEASE.jar;C:\Users\Cristhopher-Desktop\.m2\repository\org\springframework\security\spring-security-web\5.3.8.RELEASE\spring-security-web-5.3.8.RELEASE.jar;C:\Users\Cristhopher-Desktop\.m2\repository\org\springframework\spring-expression\5.2.13.RELEASE\spring-expression-5.2.13.RELEASE.jar;C:\Users\Cristhopher-Desktop\.m2\repository\io\jsonwebtoken\jjwt\0.9.1\jjwt-0.9.1.jar;C:\Users\Cristhopher-Desktop\.m2\repository\com\fasterxml\jackson\core\jackson-databind\2.11.4\jackson-databind-2.11.4.jar;C:\Users\Cristhopher-Desktop\.m2\repository\com\fasterxml\jackson\core\jackson-core\2.11.4\jackson-core-2.11.4.jar;C:\Users\Cristhopher-Desktop\.m2\repository\com\commons\utils\1.0\utils-1.0.jar;C:\Users\Cristhopher-Desktop\.m2\repository\org\springframework\boot\spring-boot-starter-web\2.3.9.RELEASE\spring-boot-starter-web-2.3.9.RELEASE.jar;C:\Users\Cristhopher-Desktop\.m2\repository\org\springframework\boot\spring-boot-starter-json\2.3.9.RELEASE\spring-boot-starter-json-2.3.9.RELEASE.jar;C:\Users\Cristhopher-Desktop\.m2\repository\com\fasterxml\jackson\datatype\jackson-dat
Launcher Type: SUN_STANDARD

[Global flags]
     intx CICompilerCount                          = 3                                         {product} {ergonomic}
     uint ConcGCThreads                            = 1                                         {product} {ergonomic}
     uint G1ConcRefinementThreads                  = 4                                         {product} {ergonomic}
   size_t G1HeapRegionSize                         = 1048576                                   {product} {ergonomic}
    uintx GCDrainStackTargetSize                   = 64                                        {product} {ergonomic}
   size_t InitialHeapSize                          = 335544320                                 {product} {ergonomic}
     bool ManagementServer                         = true                                      {product} {command line}
   size_t MarkStackSize                            = 4194304                                   {product} {ergonomic}
   size_t MaxHeapSize                              = 5358223360                                {product} {ergonomic}
   size_t MaxNewSize                               = 3214934016                                {product} {ergonomic}
   size_t MinHeapDeltaBytes                        = 1048576                                   {product} {ergonomic}
    uintx NonNMethodCodeHeapSize                   = 5830092                                {pd product} {ergonomic}
    uintx NonProfiledCodeHeapSize                  = 122914074                              {pd product} {ergonomic}
    uintx ProfiledCodeHeapSize                     = 122914074                              {pd product} {ergonomic}
    uintx ReservedCodeCacheSize                    = 251658240                              {pd product} {ergonomic}
     bool SegmentedCodeCache                       = true                                      {product} {ergonomic}
     bool UseCompressedClassPointers               = true                                 {lp64_product} {ergonomic}
     bool UseCompressedOops                        = true                                 {lp64_product} {ergonomic}
     bool UseG1GC                                  = true                                      {product} {ergonomic}
     bool UseLargePagesIndividualAllocation        = false                                  {pd product} {ergonomic}

Logging:
Log output configuration:
 #0: stdout all=warning uptime,level,tags
 #1: stderr all=off uptime,level,tags

Environment Variables:
JAVA_HOME=C:\Program Files (x86)\jdk-11
JRE_HOME=C:\Program Files (x86)\jre1.8.0_261
PATH=C:\Windows\system32;C:\Windows;C:\Windows\System32\Wbem;C:\Windows\System32\WindowsPowerShell\v1.0\;C:\Windows\System32\OpenSSH\;C:\Program Files\Git\cmd;C:\Program Files (x86)\apache-maven-3.6.3\bin;C:\Program Files (x86)\apache-maven-3.6.3\bin;F:\xampp\tomcat\bin;C:\Program Files (x86)\Microsoft SQL Server\150\DTS\Binn\;C:\Program Files\Azure Data Studio\bin;C:\Program Files\Microsoft SQL Server\Client SDK\ODBC\170\Tools\Binn\;C:\Program Files (x86)\Microsoft SQL Server\150\Tools\Binn\;C:\Program Files\Microsoft SQL Server\150\Tools\Binn\;C:\Program Files\Microsoft SQL Server\150\DTS\Binn\;C:\Program Files\Docker\Docker\resources\bin;C:\ProgramData\DockerDesktop\version-bin;C:\Program Files\Microsoft SQL Server\130\Tools\Binn\;C:\Program Files (x86)\Microsoft SQL Server\110\DTS\Binn\;C:\Program Files (x86)\Microsoft SQL Server\120\DTS\Binn\;C:\Program Files (x86)\Microsoft SQL Server\130\DTS\Binn\;C:\Program Files (x86)\Microsoft SQL Server\140\DTS\Binn\;C:\Program Files\Microsoft VS Code\bin;C:\Program Files\nodejs\;C:\Users\Cristhopher-Desktop\AppData\Local\Microsoft\WindowsApps;C:\Users\Cristhopher-Desktop\AppData\Local\Programs\EmEditor;C:\Program Files (x86)\jdk-11\bin;C:\Program Files (x86)\apache-maven-3.6.3\bin;C:\Program Files\Azure Data Studio\bin;C:\Program Files\heroku\bin;C:\Users\Cristhopher-Desktop\AppData\Local\Programs\Microsoft VS Code\bin;C:\Users\Cristhopher-Desktop\AppData\Roaming\npm
USERNAME=Cristhopher-Desktop
OS=Windows_NT
PROCESSOR_IDENTIFIER=Intel64 Family 6 Model 158 Stepping 9, GenuineIntel



---------------  S Y S T E M  ---------------

OS: Windows 10 , 64 bit Build 19041 (10.0.19041.1889)

CPU:total 4 (initial active 4) (4 cores per cpu, 1 threads per core) family 6 model 158 stepping 9, cmov, cx8, fxsr, mmx, sse, sse2, sse3, ssse3, sse4.1, sse4.2, popcnt, avx, avx2, aes, clmul, erms, 3dnowpref, lzcnt, tsc, tscinvbit, bmi1, bmi2, adx, fma

Memory: 4k page, system-wide physical 20438M (379M free)
TotalPageFile size 50168M (AvailPageFile size 0M)
current process WorkingSet (physical memory assigned to process): 192M, peak: 495M
current process commit charge ("private bytes"): 580M, peak: 621M

vm_info: OpenJDK 64-Bit Server VM (11+28) for windows-amd64 JRE (11+28), built on Aug 23 2018 03:04:58 by "mach5one" with MS VC++ 15.5 (VS2017)

END.
